{"level":"info","message":"Database connection established successfully","service":"web-service","timestamp":"2025-09-04 10:50:21"}
{"level":"info","message":"Database synchronized","service":"web-service","timestamp":"2025-09-04 10:50:21"}
{"level":"info","message":"Server running on port 3000","service":"web-service","timestamp":"2025-09-04 10:50:21"}
{"level":"info","message":"API available at http://localhost:3000/api/v1","service":"web-service","timestamp":"2025-09-04 10:50:21"}
{"level":"info","message":"Database connection established successfully","service":"web-service","timestamp":"2025-09-04 10:52:00"}
{"level":"info","message":"Database synchronized","service":"web-service","timestamp":"2025-09-04 10:52:00"}
{"level":"info","message":"Server running on port 3000","service":"web-service","timestamp":"2025-09-04 10:52:00"}
{"level":"info","message":"API available at http://localhost:3000/api/v1","service":"web-service","timestamp":"2025-09-04 10:52:00"}
{"level":"info","message":"Database connection established successfully","service":"web-service","timestamp":"2025-09-04 10:52:30"}
{"level":"info","message":"Database synchronized","service":"web-service","timestamp":"2025-09-04 10:52:30"}
{"level":"info","message":"Server running on port 3000","service":"web-service","timestamp":"2025-09-04 10:52:30"}
{"level":"info","message":"API available at http://localhost:3000/api/v1","service":"web-service","timestamp":"2025-09-04 10:52:30"}
{"level":"info","message":"Database connection established successfully","service":"web-service","timestamp":"2025-09-04 10:52:34"}
{"level":"info","message":"Database synchronized","service":"web-service","timestamp":"2025-09-04 10:52:35"}
{"level":"info","message":"Server running on port 3000","service":"web-service","timestamp":"2025-09-04 10:52:35"}
{"level":"info","message":"API available at http://localhost:3000/api/v1","service":"web-service","timestamp":"2025-09-04 10:52:35"}
{"level":"info","message":"Database connection established successfully","service":"web-service","timestamp":"2025-09-04 10:52:39"}
{"level":"info","message":"Database synchronized","service":"web-service","timestamp":"2025-09-04 10:52:39"}
{"level":"info","message":"Server running on port 3000","service":"web-service","timestamp":"2025-09-04 10:52:39"}
{"level":"info","message":"API available at http://localhost:3000/api/v1","service":"web-service","timestamp":"2025-09-04 10:52:39"}
{"level":"info","message":"Database connection established successfully","service":"web-service","timestamp":"2025-09-04 11:02:47"}
{"level":"info","message":"Database synchronized","service":"web-service","timestamp":"2025-09-04 11:02:47"}
{"level":"info","message":"Server running on port 3000","service":"web-service","timestamp":"2025-09-04 11:02:47"}
{"level":"info","message":"API available at http://localhost:3000/api/v1","service":"web-service","timestamp":"2025-09-04 11:02:47"}
{"level":"info","message":"Database connection established successfully","service":"web-service","timestamp":"2025-09-04 11:03:17"}
{"level":"info","message":"Database synchronized","service":"web-service","timestamp":"2025-09-04 11:03:17"}
{"level":"info","message":"Server running on port 3000","service":"web-service","timestamp":"2025-09-04 11:03:17"}
{"level":"info","message":"API available at http://localhost:3000/api/v1","service":"web-service","timestamp":"2025-09-04 11:03:17"}
{"level":"info","message":"Database connection established successfully","service":"web-service","timestamp":"2025-09-04 11:03:36"}
{"level":"info","message":"Database synchronized","service":"web-service","timestamp":"2025-09-04 11:03:36"}
{"level":"info","message":"Server running on port 3000","service":"web-service","timestamp":"2025-09-04 11:03:36"}
{"level":"info","message":"API available at http://localhost:3000/api/v1","service":"web-service","timestamp":"2025-09-04 11:03:36"}
{"level":"info","message":"Database connection established successfully","service":"web-service","timestamp":"2025-09-04 11:03:52"}
{"level":"info","message":"Database synchronized","service":"web-service","timestamp":"2025-09-04 11:03:52"}
{"level":"info","message":"Server running on port 3000","service":"web-service","timestamp":"2025-09-04 11:03:52"}
{"level":"info","message":"API available at http://localhost:3000/api/v1","service":"web-service","timestamp":"2025-09-04 11:03:52"}
{"level":"info","message":"Database connection established successfully","service":"web-service","timestamp":"2025-09-04 11:04:33"}
{"level":"info","message":"Database synchronized","service":"web-service","timestamp":"2025-09-04 11:04:33"}
{"level":"info","message":"Server running on port 3000","service":"web-service","timestamp":"2025-09-04 11:04:33"}
{"level":"info","message":"API available at http://localhost:3000/api/v1","service":"web-service","timestamp":"2025-09-04 11:04:33"}
{"level":"info","message":"Database connection established successfully","service":"web-service","timestamp":"2025-09-04 11:05:06"}
{"level":"info","message":"Database synchronized","service":"web-service","timestamp":"2025-09-04 11:05:07"}
{"level":"info","message":"Server running on port 3000","service":"web-service","timestamp":"2025-09-04 11:05:07"}
{"level":"info","message":"API available at http://localhost:3000/api/v1","service":"web-service","timestamp":"2025-09-04 11:05:07"}
{"level":"info","message":"Database connection established successfully","service":"web-service","timestamp":"2025-09-04 11:05:23"}
{"level":"info","message":"Database synchronized","service":"web-service","timestamp":"2025-09-04 11:05:24"}
{"level":"info","message":"Server running on port 3000","service":"web-service","timestamp":"2025-09-04 11:05:24"}
{"level":"info","message":"API available at http://localhost:3000/api/v1","service":"web-service","timestamp":"2025-09-04 11:05:24"}
{"level":"info","message":"Database connection established successfully","service":"web-service","timestamp":"2025-09-04 11:07:57"}
{"level":"info","message":"Database synchronized","service":"web-service","timestamp":"2025-09-04 11:07:57"}
{"level":"info","message":"Server running on port 3000","service":"web-service","timestamp":"2025-09-04 11:07:57"}
{"level":"info","message":"API available at http://localhost:3000/api/v1","service":"web-service","timestamp":"2025-09-04 11:07:57"}
{"level":"info","message":"Database connection established successfully","service":"web-service","timestamp":"2025-09-04 11:08:10"}
{"level":"info","message":"Database synchronized","service":"web-service","timestamp":"2025-09-04 11:08:10"}
{"level":"info","message":"Server running on port 3000","service":"web-service","timestamp":"2025-09-04 11:08:10"}
{"level":"info","message":"API available at http://localhost:3000/api/v1","service":"web-service","timestamp":"2025-09-04 11:08:10"}
{"level":"info","message":"::1 - - [04/Sep/2025:08:13:25 +0000] \"GET /api/v1 HTTP/1.1\" 404 84 \"-\" \"Mozilla/5.0 (Macintosh; Intel Mac OS X 10_15_7) AppleWebKit/537.36 (KHTML, like Gecko) Chrome/139.0.0.0 Safari/537.36\"","service":"web-service","timestamp":"2025-09-04 11:13:25"}
{"level":"info","message":"::1 - - [04/Sep/2025:08:13:29 +0000] \"GET /.well-known/appspecific/com.chrome.devtools.json HTTP/1.1\" 404 84 \"-\" \"Mozilla/5.0 (Macintosh; Intel Mac OS X 10_15_7) AppleWebKit/537.36 (KHTML, like Gecko) Chrome/139.0.0.0 Safari/537.36\"","service":"web-service","timestamp":"2025-09-04 11:13:29"}
{"level":"info","message":"Database connection established successfully","service":"web-service","timestamp":"2025-09-04 11:16:38"}
{"level":"info","message":"Database synchronized","service":"web-service","timestamp":"2025-09-04 11:16:39"}
{"level":"info","message":"Server running on port 3000","service":"web-service","timestamp":"2025-09-04 11:16:39"}
{"level":"info","message":"API available at http://localhost:3000/api/v1","service":"web-service","timestamp":"2025-09-04 11:16:39"}
{"level":"info","message":"Database connection established successfully","service":"web-service","timestamp":"2025-09-04 11:19:45"}
{"level":"info","message":"Database synchronized","service":"web-service","timestamp":"2025-09-04 11:19:46"}
{"level":"info","message":"Server running on port 3000","service":"web-service","timestamp":"2025-09-04 11:19:46"}
{"level":"info","message":"API available at http://localhost:3000/api/v1","service":"web-service","timestamp":"2025-09-04 11:19:46"}
{"level":"info","message":"Database connection established successfully","service":"web-service","timestamp":"2025-09-04 11:19:59"}
{"level":"info","message":"Database synchronized","service":"web-service","timestamp":"2025-09-04 11:20:00"}
{"level":"info","message":"Server running on port 3000","service":"web-service","timestamp":"2025-09-04 11:20:00"}
{"level":"info","message":"API available at http://localhost:3000/api/v1","service":"web-service","timestamp":"2025-09-04 11:20:00"}
{"level":"info","message":"Database connection established successfully","service":"web-service","timestamp":"2025-09-04 11:20:08"}
{"level":"info","message":"Database synchronized","service":"web-service","timestamp":"2025-09-04 11:20:09"}
{"level":"info","message":"Server running on port 3000","service":"web-service","timestamp":"2025-09-04 11:20:09"}
{"level":"info","message":"API available at http://localhost:3000/api/v1","service":"web-service","timestamp":"2025-09-04 11:20:09"}
{"level":"info","message":"Database connection established successfully","service":"web-service","timestamp":"2025-09-04 11:21:22"}
{"level":"info","message":"Database synchronized","service":"web-service","timestamp":"2025-09-04 11:21:22"}
{"level":"info","message":"Server running on port 3000","service":"web-service","timestamp":"2025-09-04 11:21:22"}
{"level":"info","message":"API available at http://localhost:3000/api/v1","service":"web-service","timestamp":"2025-09-04 11:21:22"}
{"level":"info","message":"Database connection established successfully","service":"web-service","timestamp":"2025-09-04 11:21:52"}
{"level":"info","message":"Database synchronized","service":"web-service","timestamp":"2025-09-04 11:21:52"}
{"level":"info","message":"Server running on port 3000","service":"web-service","timestamp":"2025-09-04 11:21:52"}
{"level":"info","message":"API available at http://localhost:3000/api/v1","service":"web-service","timestamp":"2025-09-04 11:21:52"}
{"level":"info","message":"Database connection established successfully","service":"web-service","timestamp":"2025-09-04 11:22:11"}
{"level":"info","message":"Database synchronized","service":"web-service","timestamp":"2025-09-04 11:22:11"}
{"level":"info","message":"Server running on port 3000","service":"web-service","timestamp":"2025-09-04 11:22:11"}
{"level":"info","message":"API available at http://localhost:3000/api/v1","service":"web-service","timestamp":"2025-09-04 11:22:11"}
{"level":"info","message":"Database connection established successfully","service":"web-service","timestamp":"2025-09-04 11:23:27"}
{"level":"info","message":"Database synchronized","service":"web-service","timestamp":"2025-09-04 11:23:27"}
{"level":"info","message":"Server running on port 3000","service":"web-service","timestamp":"2025-09-04 11:23:27"}
{"level":"info","message":"API available at http://localhost:3000/api/v1","service":"web-service","timestamp":"2025-09-04 11:23:27"}
{"level":"info","message":"Database connection established successfully","service":"web-service","timestamp":"2025-09-04 11:23:49"}
{"level":"info","message":"Database synchronized","service":"web-service","timestamp":"2025-09-04 11:23:49"}
{"level":"info","message":"Server running on port 3000","service":"web-service","timestamp":"2025-09-04 11:23:49"}
{"level":"info","message":"API available at http://localhost:3000/api/v1","service":"web-service","timestamp":"2025-09-04 11:23:49"}
{"level":"info","message":"Database connection established successfully","service":"web-service","timestamp":"2025-09-04 11:24:14"}
{"level":"info","message":"Database synchronized","service":"web-service","timestamp":"2025-09-04 11:24:14"}
{"level":"info","message":"Server running on port 3000","service":"web-service","timestamp":"2025-09-04 11:24:14"}
{"level":"info","message":"API available at http://localhost:3000/api/v1","service":"web-service","timestamp":"2025-09-04 11:24:14"}
{"level":"info","message":"Database connection established successfully","service":"web-service","timestamp":"2025-09-04 11:24:58"}
{"level":"info","message":"Database synchronized","service":"web-service","timestamp":"2025-09-04 11:24:59"}
{"level":"info","message":"Server running on port 3000","service":"web-service","timestamp":"2025-09-04 11:24:59"}
{"level":"info","message":"API available at http://localhost:3000/api/v1","service":"web-service","timestamp":"2025-09-04 11:24:59"}
{"level":"info","message":"Database connection established successfully","service":"web-service","timestamp":"2025-09-04 11:25:11"}
{"level":"info","message":"Database synchronized","service":"web-service","timestamp":"2025-09-04 11:25:11"}
{"level":"info","message":"Server running on port 3000","service":"web-service","timestamp":"2025-09-04 11:25:11"}
{"level":"info","message":"API available at http://localhost:3000/api/v1","service":"web-service","timestamp":"2025-09-04 11:25:11"}
{"level":"info","message":"Database connection established successfully","service":"web-service","timestamp":"2025-09-04 11:25:54"}
{"level":"info","message":"Database synchronized","service":"web-service","timestamp":"2025-09-04 11:25:55"}
{"level":"info","message":"Server running on port 3000","service":"web-service","timestamp":"2025-09-04 11:25:55"}
{"level":"info","message":"API available at http://localhost:3000/api/v1","service":"web-service","timestamp":"2025-09-04 11:25:55"}
{"level":"info","message":"Database connection established successfully","service":"web-service","timestamp":"2025-09-04 11:26:31"}
{"level":"info","message":"Database synchronized","service":"web-service","timestamp":"2025-09-04 11:26:31"}
{"level":"info","message":"Server running on port 3000","service":"web-service","timestamp":"2025-09-04 11:26:31"}
{"level":"info","message":"API available at http://localhost:3000/api/v1","service":"web-service","timestamp":"2025-09-04 11:26:31"}
{"level":"info","message":"Database connection established successfully","service":"web-service","timestamp":"2025-09-04 11:27:20"}
{"level":"info","message":"Database synchronized","service":"web-service","timestamp":"2025-09-04 11:27:20"}
{"level":"info","message":"Server running on port 3000","service":"web-service","timestamp":"2025-09-04 11:27:20"}
{"level":"info","message":"API available at http://localhost:3000/api/v1","service":"web-service","timestamp":"2025-09-04 11:27:20"}
{"level":"info","message":"Database connection established successfully","service":"web-service","timestamp":"2025-09-04 11:27:51"}
{"level":"info","message":"Database synchronized","service":"web-service","timestamp":"2025-09-04 11:27:51"}
{"level":"info","message":"Server running on port 3000","service":"web-service","timestamp":"2025-09-04 11:27:51"}
{"level":"info","message":"API available at http://localhost:3000/api/v1","service":"web-service","timestamp":"2025-09-04 11:27:51"}
{"level":"info","message":"Database connection established successfully","service":"web-service","timestamp":"2025-09-04 11:28:43"}
{"level":"info","message":"Database synchronized","service":"web-service","timestamp":"2025-09-04 11:28:43"}
{"level":"info","message":"Server running on port 3000","service":"web-service","timestamp":"2025-09-04 11:28:43"}
{"level":"info","message":"API available at http://localhost:3000/api/v1","service":"web-service","timestamp":"2025-09-04 11:28:43"}
{"level":"info","message":"Database connection established successfully","service":"web-service","timestamp":"2025-09-04 11:28:58"}
{"level":"info","message":"Database synchronized","service":"web-service","timestamp":"2025-09-04 11:28:58"}
{"level":"info","message":"Server running on port 3000","service":"web-service","timestamp":"2025-09-04 11:28:58"}
{"level":"info","message":"API available at http://localhost:3000/api/v1","service":"web-service","timestamp":"2025-09-04 11:28:58"}
{"level":"info","message":"Database connection established successfully","service":"web-service","timestamp":"2025-09-04 11:29:19"}
{"level":"info","message":"Database synchronized","service":"web-service","timestamp":"2025-09-04 11:29:19"}
{"level":"info","message":"Server running on port 3000","service":"web-service","timestamp":"2025-09-04 11:29:19"}
{"level":"info","message":"API available at http://localhost:3000/api/v1","service":"web-service","timestamp":"2025-09-04 11:29:19"}
{"level":"info","message":"Database connection established successfully","service":"web-service","timestamp":"2025-09-04 11:29:32"}
{"level":"info","message":"Database synchronized","service":"web-service","timestamp":"2025-09-04 11:29:32"}
{"level":"info","message":"Server running on port 3000","service":"web-service","timestamp":"2025-09-04 11:29:32"}
{"level":"info","message":"API available at http://localhost:3000/api/v1","service":"web-service","timestamp":"2025-09-04 11:29:32"}
{"level":"info","message":"Database connection established successfully","service":"web-service","timestamp":"2025-09-04 11:30:00"}
{"level":"info","message":"Database synchronized","service":"web-service","timestamp":"2025-09-04 11:30:00"}
{"level":"info","message":"Server running on port 3000","service":"web-service","timestamp":"2025-09-04 11:30:00"}
{"level":"info","message":"API available at http://localhost:3000/api/v1","service":"web-service","timestamp":"2025-09-04 11:30:00"}
{"level":"info","message":"Database connection established successfully","service":"web-service","timestamp":"2025-09-04 11:30:17"}
{"level":"info","message":"Database synchronized","service":"web-service","timestamp":"2025-09-04 11:30:17"}
{"level":"info","message":"Server running on port 3000","service":"web-service","timestamp":"2025-09-04 11:30:17"}
{"level":"info","message":"API available at http://localhost:3000/api/v1","service":"web-service","timestamp":"2025-09-04 11:30:17"}
{"level":"info","message":"Database connection established successfully","service":"web-service","timestamp":"2025-09-04 11:30:48"}
{"level":"info","message":"Database synchronized","service":"web-service","timestamp":"2025-09-04 11:30:48"}
{"level":"info","message":"Server running on port 3000","service":"web-service","timestamp":"2025-09-04 11:30:48"}
{"level":"info","message":"API available at http://localhost:3000/api/v1","service":"web-service","timestamp":"2025-09-04 11:30:48"}
{"level":"info","message":"Database connection established successfully","service":"web-service","timestamp":"2025-09-04 11:32:26"}
{"level":"info","message":"Database synchronized","service":"web-service","timestamp":"2025-09-04 11:32:26"}
{"level":"info","message":"Server running on port 3000","service":"web-service","timestamp":"2025-09-04 11:32:26"}
{"level":"info","message":"API available at http://localhost:3000/api/v1","service":"web-service","timestamp":"2025-09-04 11:32:26"}
{"level":"info","message":"Database connection established successfully","service":"web-service","timestamp":"2025-09-04 11:33:36"}
{"level":"info","message":"Database synchronized","service":"web-service","timestamp":"2025-09-04 11:33:36"}
{"level":"info","message":"Server running on port 3000","service":"web-service","timestamp":"2025-09-04 11:33:36"}
{"level":"info","message":"API available at http://localhost:3000/api/v1","service":"web-service","timestamp":"2025-09-04 11:33:36"}
{"level":"info","message":"Database connection established successfully","service":"web-service","timestamp":"2025-09-04 11:34:01"}
{"level":"info","message":"Database synchronized","service":"web-service","timestamp":"2025-09-04 11:34:01"}
{"level":"info","message":"Server running on port 3000","service":"web-service","timestamp":"2025-09-04 11:34:01"}
{"level":"info","message":"API available at http://localhost:3000/api/v1","service":"web-service","timestamp":"2025-09-04 11:34:01"}
{"level":"info","message":"Database connection established successfully","service":"web-service","timestamp":"2025-09-04 11:34:30"}
{"level":"info","message":"Database synchronized","service":"web-service","timestamp":"2025-09-04 11:34:31"}
{"level":"info","message":"Server running on port 3000","service":"web-service","timestamp":"2025-09-04 11:34:31"}
{"level":"info","message":"API available at http://localhost:3000/api/v1","service":"web-service","timestamp":"2025-09-04 11:34:31"}
{"level":"info","message":"Database connection established successfully","service":"web-service","timestamp":"2025-09-04 11:35:07"}
{"level":"info","message":"Database synchronized","service":"web-service","timestamp":"2025-09-04 11:35:07"}
{"level":"info","message":"Server running on port 3000","service":"web-service","timestamp":"2025-09-04 11:35:07"}
{"level":"info","message":"API available at http://localhost:3000/api/v1","service":"web-service","timestamp":"2025-09-04 11:35:07"}
{"level":"info","message":"Database connection established successfully","service":"web-service","timestamp":"2025-09-04 11:35:37"}
{"level":"info","message":"Database synchronized","service":"web-service","timestamp":"2025-09-04 11:35:37"}
{"level":"info","message":"Server running on port 3000","service":"web-service","timestamp":"2025-09-04 11:35:37"}
{"level":"info","message":"API available at http://localhost:3000/api/v1","service":"web-service","timestamp":"2025-09-04 11:35:37"}
{"level":"info","message":"Database connection established successfully","service":"web-service","timestamp":"2025-09-04 11:35:52"}
{"level":"info","message":"Database synchronized","service":"web-service","timestamp":"2025-09-04 11:35:52"}
{"level":"info","message":"Server running on port 3000","service":"web-service","timestamp":"2025-09-04 11:35:52"}
{"level":"info","message":"API available at http://localhost:3000/api/v1","service":"web-service","timestamp":"2025-09-04 11:35:52"}
{"level":"info","message":"Database connection established successfully","service":"web-service","timestamp":"2025-09-04 11:37:26"}
{"level":"info","message":"Database synchronized","service":"web-service","timestamp":"2025-09-04 11:37:26"}
{"level":"info","message":"Server running on port 3000","service":"web-service","timestamp":"2025-09-04 11:37:26"}
{"level":"info","message":"API available at http://localhost:3000/api/v1","service":"web-service","timestamp":"2025-09-04 11:37:26"}
{"level":"info","message":"Database connection established successfully","service":"web-service","timestamp":"2025-09-04 11:37:41"}
{"level":"info","message":"Database synchronized","service":"web-service","timestamp":"2025-09-04 11:37:42"}
{"level":"info","message":"Server running on port 3000","service":"web-service","timestamp":"2025-09-04 11:37:42"}
{"level":"info","message":"API available at http://localhost:3000/api/v1","service":"web-service","timestamp":"2025-09-04 11:37:42"}
{"level":"info","message":"Database connection established successfully","service":"web-service","timestamp":"2025-09-04 11:41:25"}
{"level":"info","message":"Database synchronized","service":"web-service","timestamp":"2025-09-04 11:41:25"}
{"level":"info","message":"Server running on port 3000","service":"web-service","timestamp":"2025-09-04 11:41:25"}
{"level":"info","message":"API available at http://localhost:3000/api/v1","service":"web-service","timestamp":"2025-09-04 11:41:25"}
{"level":"info","message":"Database connection established successfully","service":"web-service","timestamp":"2025-09-04 11:42:06"}
{"level":"info","message":"Database synchronized","service":"web-service","timestamp":"2025-09-04 11:42:07"}
{"level":"info","message":"Server running on port 3000","service":"web-service","timestamp":"2025-09-04 11:42:07"}
{"level":"info","message":"API available at http://localhost:3000/api/v1","service":"web-service","timestamp":"2025-09-04 11:42:07"}
{"level":"info","message":"Database connection established successfully","service":"web-service","timestamp":"2025-09-04 11:42:18"}
{"level":"info","message":"Database synchronized","service":"web-service","timestamp":"2025-09-04 11:42:18"}
{"level":"info","message":"Server running on port 3000","service":"web-service","timestamp":"2025-09-04 11:42:18"}
{"level":"info","message":"API available at http://localhost:3000/api/v1","service":"web-service","timestamp":"2025-09-04 11:42:18"}
{"level":"info","message":"Database connection established successfully","service":"web-service","timestamp":"2025-09-04 11:43:54"}
{"level":"info","message":"Database synchronized","service":"web-service","timestamp":"2025-09-04 11:43:55"}
{"level":"info","message":"Server running on port 3000","service":"web-service","timestamp":"2025-09-04 11:43:55"}
{"level":"info","message":"API available at http://localhost:3000/api/v1","service":"web-service","timestamp":"2025-09-04 11:43:55"}
{"level":"info","message":"Database connection established successfully","service":"web-service","timestamp":"2025-09-04 12:07:35"}
{"level":"info","message":"Database synchronized","service":"web-service","timestamp":"2025-09-04 12:07:35"}
{"level":"info","message":"Server running on port 3000","service":"web-service","timestamp":"2025-09-04 12:07:35"}
{"level":"info","message":"API available at http://localhost:3000/api/v1","service":"web-service","timestamp":"2025-09-04 12:07:35"}
{"level":"info","message":"Database connection established successfully","service":"web-service","timestamp":"2025-09-04 12:16:00"}
{"level":"info","message":"Database synchronized","service":"web-service","timestamp":"2025-09-04 12:16:01"}
{"level":"info","message":"Server running on port 3000","service":"web-service","timestamp":"2025-09-04 12:16:01"}
{"level":"info","message":"API available at http://localhost:3000/api/v1","service":"web-service","timestamp":"2025-09-04 12:16:01"}
{"level":"info","message":"::1 - - [04/Sep/2025:09:18:33 +0000] \"GET /favicon.ico HTTP/1.1\" 404 84 \"http://localhost:3001/login\" \"Mozilla/5.0 (Macintosh; Intel Mac OS X 10_15_7) AppleWebKit/537.36 (KHTML, like Gecko) Chrome/139.0.0.0 Safari/537.36\"","service":"web-service","timestamp":"2025-09-04 12:18:33"}
{"level":"info","message":"::1 - - [04/Sep/2025:09:18:33 +0000] \"GET /favicon.ico HTTP/1.1\" 404 84 \"http://localhost:3001/login\" \"Mozilla/5.0 (Macintosh; Intel Mac OS X 10_15_7) AppleWebKit/537.36 (KHTML, like Gecko) Chrome/139.0.0.0 Safari/537.36\"","service":"web-service","timestamp":"2025-09-04 12:18:33"}
{"level":"info","message":"::1 - - [04/Sep/2025:09:26:28 +0000] \"POST /api/v1/auth/register HTTP/1.1\" 400 169 \"http://localhost:3001/\" \"Mozilla/5.0 (Macintosh; Intel Mac OS X 10_15_7) AppleWebKit/537.36 (KHTML, like Gecko) Chrome/139.0.0.0 Safari/537.36\"","service":"web-service","timestamp":"2025-09-04 12:26:28"}
{"level":"info","message":"::1 - - [04/Sep/2025:09:28:21 +0000] \"POST /api/v1/auth/register HTTP/1.1\" 400 169 \"http://localhost:3001/\" \"Mozilla/5.0 (Macintosh; Intel Mac OS X 10_15_7) AppleWebKit/537.36 (KHTML, like Gecko) Chrome/139.0.0.0 Safari/537.36\"","service":"web-service","timestamp":"2025-09-04 12:28:21"}
{"level":"info","message":"::1 - - [04/Sep/2025:09:30:49 +0000] \"POST /api/v1/auth/register HTTP/1.1\" 400 169 \"http://localhost:3001/\" \"Mozilla/5.0 (Macintosh; Intel Mac OS X 10_15_7) AppleWebKit/537.36 (KHTML, like Gecko) Chrome/139.0.0.0 Safari/537.36\"","service":"web-service","timestamp":"2025-09-04 12:30:49"}
{"level":"info","message":"Database connection established successfully","service":"web-service","timestamp":"2025-09-04 13:05:27"}
{"level":"info","message":"Database synchronized","service":"web-service","timestamp":"2025-09-04 13:05:27"}
{"level":"info","message":"Server running on port 3000","service":"web-service","timestamp":"2025-09-04 13:05:27"}
{"level":"info","message":"API available at http://localhost:3000/api/v1","service":"web-service","timestamp":"2025-09-04 13:05:27"}
{"level":"info","message":"Database connection established successfully","service":"web-service","timestamp":"2025-09-04 13:08:39"}
{"level":"info","message":"Database synchronized","service":"web-service","timestamp":"2025-09-04 13:08:40"}
{"level":"info","message":"Server running on port 3000","service":"web-service","timestamp":"2025-09-04 13:08:40"}
{"level":"info","message":"API available at http://localhost:3000/api/v1","service":"web-service","timestamp":"2025-09-04 13:08:40"}
{"level":"info","message":"Database connection established successfully","service":"web-service","timestamp":"2025-09-04 13:10:44"}
{"level":"info","message":"Database synchronized","service":"web-service","timestamp":"2025-09-04 13:10:45"}
{"level":"info","message":"Server running on port 3000","service":"web-service","timestamp":"2025-09-04 13:10:45"}
{"level":"info","message":"API available at http://localhost:3000/api/v1","service":"web-service","timestamp":"2025-09-04 13:10:45"}
{"level":"info","message":"::1 - - [04/Sep/2025:10:12:18 +0000] \"GET /main.186781b1418b9d8b7804.hot-update.json HTTP/1.1\" 404 84 \"http://localhost:3001/register\" \"Mozilla/5.0 (Macintosh; Intel Mac OS X 10_15_7) AppleWebKit/537.36 (KHTML, like Gecko) Chrome/139.0.0.0 Safari/537.36\"","service":"web-service","timestamp":"2025-09-04 13:12:18"}
{"level":"info","message":"New user registered: newuser4@gmail.com","service":"web-service","timestamp":"2025-09-04 13:17:22"}
{"level":"info","message":"::1 - - [04/Sep/2025:10:17:22 +0000] \"POST /api/v1/auth/register HTTP/1.1\" 201 888 \"http://localhost:3001/\" \"Mozilla/5.0 (Macintosh; Intel Mac OS X 10_15_7) AppleWebKit/537.36 (KHTML, like Gecko) Chrome/139.0.0.0 Safari/537.36\"","service":"web-service","timestamp":"2025-09-04 13:17:22"}
{"level":"info","message":"User logged out","service":"web-service","timestamp":"2025-09-04 13:18:17"}
{"level":"info","message":"::1 - - [04/Sep/2025:10:18:17 +0000] \"POST /api/v1/auth/logout HTTP/1.1\" 200 97 \"http://localhost:3001/\" \"Mozilla/5.0 (Macintosh; Intel Mac OS X 10_15_7) AppleWebKit/537.36 (KHTML, like Gecko) Chrome/139.0.0.0 Safari/537.36\"","service":"web-service","timestamp":"2025-09-04 13:18:17"}
{"level":"info","message":"User logged in: newuser4@gmail.com","service":"web-service","timestamp":"2025-09-04 13:18:41"}
{"level":"info","message":"::1 - - [04/Sep/2025:10:18:41 +0000] \"POST /api/v1/auth/login HTTP/1.1\" 200 903 \"http://localhost:3001/\" \"Mozilla/5.0 (Macintosh; Intel Mac OS X 10_15_7) AppleWebKit/537.36 (KHTML, like Gecko) Chrome/139.0.0.0 Safari/537.36\"","service":"web-service","timestamp":"2025-09-04 13:18:41"}
{"level":"info","message":"User logged out","service":"web-service","timestamp":"2025-09-04 13:39:28"}
{"level":"info","message":"::1 - - [04/Sep/2025:10:39:28 +0000] \"POST /api/v1/auth/logout HTTP/1.1\" 200 97 \"http://localhost:3001/\" \"Mozilla/5.0 (Macintosh; Intel Mac OS X 10_15_7) AppleWebKit/537.36 (KHTML, like Gecko) Chrome/139.0.0.0 Safari/537.36\"","service":"web-service","timestamp":"2025-09-04 13:39:28"}
{"level":"info","message":"User logged in: newuser4@gmail.com","service":"web-service","timestamp":"2025-09-04 13:40:03"}
{"level":"info","message":"::1 - - [04/Sep/2025:10:40:03 +0000] \"POST /api/v1/auth/login HTTP/1.1\" 200 903 \"http://localhost:3001/\" \"Mozilla/5.0 (Macintosh; Intel Mac OS X 10_15_7) AppleWebKit/537.36 (KHTML, like Gecko) Chrome/139.0.0.0 Safari/537.36\"","service":"web-service","timestamp":"2025-09-04 13:40:03"}
{"level":"info","message":"User logged out","service":"web-service","timestamp":"2025-09-04 13:40:29"}
{"level":"info","message":"::1 - - [04/Sep/2025:10:40:29 +0000] \"POST /api/v1/auth/logout HTTP/1.1\" 200 97 \"http://localhost:3001/\" \"Mozilla/5.0 (Macintosh; Intel Mac OS X 10_15_7) AppleWebKit/537.36 (KHTML, like Gecko) Chrome/139.0.0.0 Safari/537.36\"","service":"web-service","timestamp":"2025-09-04 13:40:29"}
{"level":"info","message":"User logged in: newuser4@gmail.com","service":"web-service","timestamp":"2025-09-04 13:41:08"}
{"level":"info","message":"::1 - - [04/Sep/2025:10:41:08 +0000] \"POST /api/v1/auth/login HTTP/1.1\" 200 903 \"http://localhost:3001/\" \"Mozilla/5.0 (Macintosh; Intel Mac OS X 10_15_7) AppleWebKit/537.36 (KHTML, like Gecko) Chrome/139.0.0.0 Safari/537.36\"","service":"web-service","timestamp":"2025-09-04 13:41:08"}
{"level":"info","message":"::1 - - [04/Sep/2025:10:41:54 +0000] \"GET /favicon.ico HTTP/1.1\" 404 84 \"http://localhost:3001/login\" \"Mozilla/5.0 (Macintosh; Intel Mac OS X 10_15_7) AppleWebKit/537.36 (KHTML, like Gecko) Chrome/139.0.0.0 Safari/537.36\"","service":"web-service","timestamp":"2025-09-04 13:41:54"}
{"level":"info","message":"User logged in: newuser4@gmail.com","service":"web-service","timestamp":"2025-09-04 13:42:37"}
{"level":"info","message":"::1 - - [04/Sep/2025:10:42:37 +0000] \"POST /api/v1/auth/login HTTP/1.1\" 200 903 \"http://localhost:3001/\" \"Mozilla/5.0 (Macintosh; Intel Mac OS X 10_15_7) AppleWebKit/537.36 (KHTML, like Gecko) Chrome/139.0.0.0 Safari/537.36\"","service":"web-service","timestamp":"2025-09-04 13:42:37"}
{"level":"info","message":"::1 - - [04/Sep/2025:10:49:10 +0000] \"POST /api/v1/auth/logout HTTP/1.1\" 429 32 \"http://localhost:3001/\" \"Mozilla/5.0 (Macintosh; Intel Mac OS X 10_15_7) AppleWebKit/537.36 (KHTML, like Gecko) Chrome/139.0.0.0 Safari/537.36\"","service":"web-service","timestamp":"2025-09-04 13:49:10"}
{"level":"info","message":"::1 - - [04/Sep/2025:10:50:24 +0000] \"POST /api/v1/auth/register HTTP/1.1\" 429 32 \"http://localhost:3001/\" \"Mozilla/5.0 (Macintosh; Intel Mac OS X 10_15_7) AppleWebKit/537.36 (KHTML, like Gecko) Chrome/139.0.0.0 Safari/537.36\"","service":"web-service","timestamp":"2025-09-04 13:50:24"}
{"level":"info","message":"New user registered: billgates@gmail.com","service":"web-service","timestamp":"2025-09-04 14:09:41"}
{"level":"info","message":"::1 - - [04/Sep/2025:11:09:42 +0000] \"POST /api/v1/auth/register HTTP/1.1\" 201 889 \"http://localhost:3001/\" \"Mozilla/5.0 (Macintosh; Intel Mac OS X 10_15_7) AppleWebKit/537.36 (KHTML, like Gecko) Chrome/139.0.0.0 Safari/537.36\"","service":"web-service","timestamp":"2025-09-04 14:09:42"}
{"level":"info","message":"::1 - - [04/Sep/2025:11:15:02 +0000] \"POST /api/v1/auth/register HTTP/1.1\" 400 172 \"-\" \"curl/8.9.1\"","service":"web-service","timestamp":"2025-09-04 14:15:02"}
{"level":"info","message":"New user registered: apitest@example.com","service":"web-service","timestamp":"2025-09-04 14:15:58"}
{"level":"info","message":"::1 - - [04/Sep/2025:11:15:58 +0000] \"POST /api/v1/auth/register HTTP/1.1\" 201 887 \"-\" \"curl/8.9.1\"","service":"web-service","timestamp":"2025-09-04 14:15:58"}
{"level":"error","message":"Login error: Invalid credentials","service":"web-service","stack":"Error: Invalid credentials\n    at AuthService.login (/Users/vk/i-data/src/backend/apps/web-service/src/services/auth.service.js:43:13)\n    at async login (/Users/vk/i-data/src/backend/apps/web-service/src/controllers/auth.controller.js:25:22)","timestamp":"2025-09-04 14:16:29"}
{"level":"info","message":"::1 - - [04/Sep/2025:11:16:29 +0000] \"POST /api/v1/auth/login HTTP/1.1\" 401 88 \"-\" \"curl/8.9.1\"","service":"web-service","timestamp":"2025-09-04 14:16:29"}
{"level":"info","message":"User logged in: apitest@example.com","service":"web-service","timestamp":"2025-09-04 14:17:43"}
{"level":"info","message":"::1 - - [04/Sep/2025:11:17:43 +0000] \"POST /api/v1/auth/login HTTP/1.1\" 200 902 \"-\" \"curl/8.9.1\"","service":"web-service","timestamp":"2025-09-04 14:17:43"}
{"level":"info","message":"Database connection established successfully","service":"web-service","timestamp":"2025-09-04 16:03:01"}
{"level":"info","message":"Database synchronized","service":"web-service","timestamp":"2025-09-04 16:03:01"}
{"level":"info","message":"Server running on port 3000","service":"web-service","timestamp":"2025-09-04 16:03:01"}
{"level":"info","message":"API available at http://localhost:3000/api/v1","service":"web-service","timestamp":"2025-09-04 16:03:01"}
{"level":"info","message":"Database connection established successfully","service":"web-service","timestamp":"2025-09-04 16:03:06"}
{"level":"info","message":"Database synchronized","service":"web-service","timestamp":"2025-09-04 16:03:06"}
{"level":"info","message":"Server running on port 3000","service":"web-service","timestamp":"2025-09-04 16:03:06"}
{"level":"info","message":"API available at http://localhost:3000/api/v1","service":"web-service","timestamp":"2025-09-04 16:03:06"}
{"level":"info","message":"Database connection established successfully","service":"web-service","timestamp":"2025-09-04 16:45:24"}
{"level":"info","message":"Database synchronized","service":"web-service","timestamp":"2025-09-04 16:45:24"}
{"level":"info","message":"Server running on port 3000","service":"web-service","timestamp":"2025-09-04 16:45:24"}
{"level":"info","message":"API available at http://localhost:3000/api/v1","service":"web-service","timestamp":"2025-09-04 16:45:24"}
{"level":"info","message":"Database connection established successfully","service":"web-service","timestamp":"2025-09-04 16:52:32"}
{"level":"info","message":"Database synchronized","service":"web-service","timestamp":"2025-09-04 16:52:33"}
{"level":"info","message":"Server running on port 3000","service":"web-service","timestamp":"2025-09-04 16:52:33"}
{"level":"info","message":"API available at http://localhost:3000/api/v1","service":"web-service","timestamp":"2025-09-04 16:52:33"}
{"level":"info","message":"Database connection established successfully","service":"web-service","timestamp":"2025-09-04 17:07:23"}
{"level":"info","message":"Database synchronized","service":"web-service","timestamp":"2025-09-04 17:07:23"}
{"level":"info","message":"Server running on port 3000","service":"web-service","timestamp":"2025-09-04 17:07:23"}
{"level":"info","message":"API available at http://localhost:3000/api/v1","service":"web-service","timestamp":"2025-09-04 17:07:23"}
{"level":"info","message":"Database connection established successfully","service":"web-service","timestamp":"2025-09-04 17:13:41"}
{"level":"info","message":"Database synchronized","service":"web-service","timestamp":"2025-09-04 17:13:41"}
{"level":"info","message":"Server running on port 3000","service":"web-service","timestamp":"2025-09-04 17:13:41"}
{"level":"info","message":"API available at http://localhost:3000/api/v1","service":"web-service","timestamp":"2025-09-04 17:13:41"}
{"level":"info","message":"Database connection established successfully","service":"web-service","timestamp":"2025-09-04 17:18:43"}
{"level":"info","message":"Database synchronized","service":"web-service","timestamp":"2025-09-04 17:18:43"}
{"level":"info","message":"Server running on port 3000","service":"web-service","timestamp":"2025-09-04 17:18:43"}
{"level":"info","message":"API available at http://localhost:3000/api/v1","service":"web-service","timestamp":"2025-09-04 17:18:43"}
{"level":"info","message":"Database connection established successfully","service":"web-service","timestamp":"2025-09-04 17:23:19"}
{"level":"info","message":"Database synchronized","service":"web-service","timestamp":"2025-09-04 17:23:19"}
{"level":"info","message":"Server running on port 3000","service":"web-service","timestamp":"2025-09-04 17:23:19"}
{"level":"info","message":"API available at http://localhost:3000/api/v1","service":"web-service","timestamp":"2025-09-04 17:23:19"}
{"level":"info","message":"Database connection established successfully","service":"web-service","timestamp":"2025-09-04 17:27:44"}
{"level":"info","message":"Database synchronized","service":"web-service","timestamp":"2025-09-04 17:27:44"}
{"level":"info","message":"Server running on port 3000","service":"web-service","timestamp":"2025-09-04 17:27:44"}
{"level":"info","message":"API available at http://localhost:3000/api/v1","service":"web-service","timestamp":"2025-09-04 17:27:44"}
{"level":"info","message":"Database connection established successfully","service":"web-service","timestamp":"2025-09-04 17:27:48"}
{"level":"info","message":"Database synchronized","service":"web-service","timestamp":"2025-09-04 17:27:48"}
{"level":"info","message":"Server running on port 3000","service":"web-service","timestamp":"2025-09-04 17:27:48"}
{"level":"info","message":"API available at http://localhost:3000/api/v1","service":"web-service","timestamp":"2025-09-04 17:27:48"}
{"level":"info","message":"Database connection established successfully","service":"web-service","timestamp":"2025-09-04 17:31:49"}
{"level":"info","message":"Database synchronized","service":"web-service","timestamp":"2025-09-04 17:31:50"}
{"level":"info","message":"Server running on port 3000","service":"web-service","timestamp":"2025-09-04 17:31:50"}
{"level":"info","message":"API available at http://localhost:3000/api/v1","service":"web-service","timestamp":"2025-09-04 17:31:50"}
{"level":"info","message":"Database connection established successfully","service":"web-service","timestamp":"2025-09-04 17:35:19"}
{"level":"info","message":"Database synchronized","service":"web-service","timestamp":"2025-09-04 17:35:19"}
{"level":"info","message":"Server running on port 3000","service":"web-service","timestamp":"2025-09-04 17:35:19"}
{"level":"info","message":"API available at http://localhost:3000/api/v1","service":"web-service","timestamp":"2025-09-04 17:35:19"}
{"level":"info","message":"Database connection established successfully","service":"web-service","timestamp":"2025-09-05 02:41:20"}
{"level":"info","message":"Database synchronized","service":"web-service","timestamp":"2025-09-05 02:41:21"}
{"level":"info","message":"Server running on port 3000","service":"web-service","timestamp":"2025-09-05 02:41:21"}
{"level":"info","message":"API available at http://localhost:3000/api/v1","service":"web-service","timestamp":"2025-09-05 02:41:21"}
{"level":"info","message":"Database connection established successfully","service":"web-service","timestamp":"2025-09-05 02:45:39"}
{"level":"info","message":"Database synchronized","service":"web-service","timestamp":"2025-09-05 02:45:39"}
{"level":"info","message":"Server running on port 3000","service":"web-service","timestamp":"2025-09-05 02:45:39"}
{"level":"info","message":"API available at http://localhost:3000/api/v1","service":"web-service","timestamp":"2025-09-05 02:45:39"}
{"level":"info","message":"Database connection established successfully","service":"web-service","timestamp":"2025-09-05 02:48:07"}
{"level":"info","message":"Database synchronized","service":"web-service","timestamp":"2025-09-05 02:48:07"}
{"level":"info","message":"Server running on port 3000","service":"web-service","timestamp":"2025-09-05 02:48:07"}
{"level":"info","message":"API available at http://localhost:3000/api/v1","service":"web-service","timestamp":"2025-09-05 02:48:07"}
{"level":"info","message":"Database connection established successfully","service":"web-service","timestamp":"2025-09-05 02:56:52"}
{"level":"info","message":"Database synchronized","service":"web-service","timestamp":"2025-09-05 02:56:52"}
{"level":"info","message":"Server running on port 3000","service":"web-service","timestamp":"2025-09-05 02:56:52"}
{"level":"info","message":"API available at http://localhost:3000/api/v1","service":"web-service","timestamp":"2025-09-05 02:56:52"}
{"level":"info","message":"Database connection established successfully","service":"web-service","timestamp":"2025-09-05 03:00:39"}
{"level":"info","message":"Database synchronized","service":"web-service","timestamp":"2025-09-05 03:00:39"}
{"level":"info","message":"Server running on port 3000","service":"web-service","timestamp":"2025-09-05 03:00:39"}
{"level":"info","message":"API available at http://localhost:3000/api/v1","service":"web-service","timestamp":"2025-09-05 03:00:39"}
{"level":"info","message":"Database connection established successfully","service":"web-service","timestamp":"2025-09-05 03:01:19"}
{"level":"info","message":"Database synchronized","service":"web-service","timestamp":"2025-09-05 03:01:20"}
{"level":"info","message":"Server running on port 3000","service":"web-service","timestamp":"2025-09-05 03:01:20"}
{"level":"info","message":"API available at http://localhost:3000/api/v1","service":"web-service","timestamp":"2025-09-05 03:01:20"}
{"level":"info","message":"Database connection established successfully","service":"web-service","timestamp":"2025-09-05 03:01:24"}
{"level":"info","message":"Database synchronized","service":"web-service","timestamp":"2025-09-05 03:01:25"}
{"level":"info","message":"Server running on port 3000","service":"web-service","timestamp":"2025-09-05 03:01:25"}
{"level":"info","message":"API available at http://localhost:3000/api/v1","service":"web-service","timestamp":"2025-09-05 03:01:25"}
{"level":"info","message":"Database connection established successfully","service":"web-service","timestamp":"2025-09-05 03:01:53"}
{"level":"info","message":"Database synchronized","service":"web-service","timestamp":"2025-09-05 03:01:53"}
{"level":"info","message":"Server running on port 3000","service":"web-service","timestamp":"2025-09-05 03:01:53"}
{"level":"info","message":"API available at http://localhost:3000/api/v1","service":"web-service","timestamp":"2025-09-05 03:01:53"}
{"level":"info","message":"Database connection established successfully","service":"web-service","timestamp":"2025-09-05 03:04:07"}
{"level":"info","message":"Database synchronized","service":"web-service","timestamp":"2025-09-05 03:04:07"}
{"level":"info","message":"Server running on port 3000","service":"web-service","timestamp":"2025-09-05 03:04:07"}
{"level":"info","message":"API available at http://localhost:3000/api/v1","service":"web-service","timestamp":"2025-09-05 03:04:07"}
{"level":"info","message":"Database connection established successfully","service":"web-service","timestamp":"2025-09-05 03:07:20"}
{"level":"info","message":"Database synchronized","service":"web-service","timestamp":"2025-09-05 03:07:21"}
{"level":"info","message":"Server running on port 3000","service":"web-service","timestamp":"2025-09-05 03:07:21"}
{"level":"info","message":"API available at http://localhost:3000/api/v1","service":"web-service","timestamp":"2025-09-05 03:07:21"}
{"level":"info","message":"Database connection established successfully","service":"web-service","timestamp":"2025-09-05 03:08:45"}
{"level":"info","message":"Database synchronized","service":"web-service","timestamp":"2025-09-05 03:08:46"}
{"level":"info","message":"Server running on port 3000","service":"web-service","timestamp":"2025-09-05 03:08:46"}
{"level":"info","message":"API available at http://localhost:3000/api/v1","service":"web-service","timestamp":"2025-09-05 03:08:46"}
{"level":"info","message":"Database connection established successfully","service":"web-service","timestamp":"2025-09-05 03:09:45"}
{"level":"info","message":"Database synchronized","service":"web-service","timestamp":"2025-09-05 03:09:45"}
{"level":"info","message":"Server running on port 3000","service":"web-service","timestamp":"2025-09-05 03:09:45"}
{"level":"info","message":"API available at http://localhost:3000/api/v1","service":"web-service","timestamp":"2025-09-05 03:09:45"}
{"level":"info","message":"Database connection established successfully","service":"web-service","timestamp":"2025-09-05 03:13:02"}
{"level":"info","message":"Database synchronized","service":"web-service","timestamp":"2025-09-05 03:13:03"}
{"level":"info","message":"Server running on port 3000","service":"web-service","timestamp":"2025-09-05 03:13:03"}
{"level":"info","message":"API available at http://localhost:3000/api/v1","service":"web-service","timestamp":"2025-09-05 03:13:03"}
{"level":"info","message":"Database connection established successfully","service":"web-service","timestamp":"2025-09-05 03:14:52"}
{"level":"info","message":"Database synchronized","service":"web-service","timestamp":"2025-09-05 03:14:53"}
{"level":"info","message":"Server running on port 3000","service":"web-service","timestamp":"2025-09-05 03:14:53"}
{"level":"info","message":"API available at http://localhost:3000/api/v1","service":"web-service","timestamp":"2025-09-05 03:14:53"}
{"level":"info","message":"Database connection established successfully","service":"web-service","timestamp":"2025-09-05 03:18:50"}
{"level":"info","message":"Database synchronized","service":"web-service","timestamp":"2025-09-05 03:18:50"}
{"level":"info","message":"Server running on port 3000","service":"web-service","timestamp":"2025-09-05 03:18:50"}
{"level":"info","message":"API available at http://localhost:3000/api/v1","service":"web-service","timestamp":"2025-09-05 03:18:50"}
{"level":"info","message":"Database connection established successfully","service":"web-service","timestamp":"2025-09-05 03:18:59"}
{"level":"info","message":"Database synchronized","service":"web-service","timestamp":"2025-09-05 03:18:59"}
{"level":"info","message":"Server running on port 3000","service":"web-service","timestamp":"2025-09-05 03:18:59"}
{"level":"info","message":"API available at http://localhost:3000/api/v1","service":"web-service","timestamp":"2025-09-05 03:18:59"}
{"level":"info","message":"Database connection established successfully","service":"web-service","timestamp":"2025-09-05 03:21:26"}
{"level":"info","message":"Database synchronized","service":"web-service","timestamp":"2025-09-05 03:21:26"}
{"level":"info","message":"Server running on port 3000","service":"web-service","timestamp":"2025-09-05 03:21:26"}
{"level":"info","message":"API available at http://localhost:3000/api/v1","service":"web-service","timestamp":"2025-09-05 03:21:26"}
{"level":"info","message":"Database connection established successfully","service":"web-service","timestamp":"2025-09-05 03:23:56"}
{"level":"info","message":"Database synchronized","service":"web-service","timestamp":"2025-09-05 03:23:56"}
{"level":"info","message":"Server running on port 3000","service":"web-service","timestamp":"2025-09-05 03:23:56"}
{"level":"info","message":"API available at http://localhost:3000/api/v1","service":"web-service","timestamp":"2025-09-05 03:23:56"}
{"level":"info","message":"Database connection established successfully","service":"web-service","timestamp":"2025-09-05 03:24:59"}
{"level":"info","message":"Database synchronized","service":"web-service","timestamp":"2025-09-05 03:24:59"}
{"level":"info","message":"Server running on port 3000","service":"web-service","timestamp":"2025-09-05 03:24:59"}
{"level":"info","message":"API available at http://localhost:3000/api/v1","service":"web-service","timestamp":"2025-09-05 03:24:59"}
{"level":"info","message":"Database connection established successfully","service":"web-service","timestamp":"2025-09-05 03:26:33"}
{"level":"info","message":"Database synchronized","service":"web-service","timestamp":"2025-09-05 03:26:33"}
{"level":"info","message":"Server running on port 3000","service":"web-service","timestamp":"2025-09-05 03:26:33"}
{"level":"info","message":"API available at http://localhost:3000/api/v1","service":"web-service","timestamp":"2025-09-05 03:26:33"}
{"level":"info","message":"Database connection established successfully","service":"web-service","timestamp":"2025-09-05 03:28:03"}
{"level":"info","message":"Database synchronized","service":"web-service","timestamp":"2025-09-05 03:28:04"}
{"level":"info","message":"Server running on port 3000","service":"web-service","timestamp":"2025-09-05 03:28:04"}
{"level":"info","message":"API available at http://localhost:3000/api/v1","service":"web-service","timestamp":"2025-09-05 03:28:04"}
{"level":"info","message":"Database connection established successfully","service":"web-service","timestamp":"2025-09-05 03:35:19"}
{"level":"info","message":"Database synchronized","service":"web-service","timestamp":"2025-09-05 03:35:19"}
{"level":"info","message":"Server running on port 3000","service":"web-service","timestamp":"2025-09-05 03:35:19"}
{"level":"info","message":"API available at http://localhost:3000/api/v1","service":"web-service","timestamp":"2025-09-05 03:35:19"}
{"level":"info","message":"Database connection established successfully","service":"web-service","timestamp":"2025-09-05 04:23:21"}
{"level":"info","message":"Database synchronized","service":"web-service","timestamp":"2025-09-05 04:23:21"}
{"level":"info","message":"Server running on port 3000","service":"web-service","timestamp":"2025-09-05 04:23:21"}
{"level":"info","message":"API available at http://localhost:3000/api/v1","service":"web-service","timestamp":"2025-09-05 04:23:21"}
{"level":"info","message":"Database connection established successfully","service":"web-service","timestamp":"2025-09-05 04:31:28"}
{"level":"info","message":"Database synchronized","service":"web-service","timestamp":"2025-09-05 04:31:29"}
{"level":"info","message":"Server running on port 3000","service":"web-service","timestamp":"2025-09-05 04:31:29"}
{"level":"info","message":"API available at http://localhost:3000/api/v1","service":"web-service","timestamp":"2025-09-05 04:31:29"}
{"level":"info","message":"Database connection established successfully","service":"web-service","timestamp":"2025-09-05 04:32:47"}
{"level":"info","message":"Database synchronized","service":"web-service","timestamp":"2025-09-05 04:32:47"}
{"level":"info","message":"Server running on port 3000","service":"web-service","timestamp":"2025-09-05 04:32:47"}
{"level":"info","message":"API available at http://localhost:3000/api/v1","service":"web-service","timestamp":"2025-09-05 04:32:47"}
{"level":"info","message":"Database connection established successfully","service":"web-service","timestamp":"2025-09-05 04:34:27"}
{"level":"info","message":"Database synchronized","service":"web-service","timestamp":"2025-09-05 04:34:28"}
{"level":"info","message":"Server running on port 3000","service":"web-service","timestamp":"2025-09-05 04:34:28"}
{"level":"info","message":"API available at http://localhost:3000/api/v1","service":"web-service","timestamp":"2025-09-05 04:34:28"}
{"level":"info","message":"Database connection established successfully","service":"web-service","timestamp":"2025-09-05 04:36:03"}
{"level":"info","message":"Database synchronized","service":"web-service","timestamp":"2025-09-05 04:36:03"}
{"level":"info","message":"Server running on port 3000","service":"web-service","timestamp":"2025-09-05 04:36:03"}
{"level":"info","message":"API available at http://localhost:3000/api/v1","service":"web-service","timestamp":"2025-09-05 04:36:03"}
{"level":"info","message":"Database connection established successfully","service":"web-service","timestamp":"2025-09-05 05:04:41"}
{"level":"info","message":"Database synchronized","service":"web-service","timestamp":"2025-09-05 05:04:42"}
{"level":"info","message":"Server running on port 3000","service":"web-service","timestamp":"2025-09-05 05:04:42"}
{"level":"info","message":"API available at http://localhost:3000/api/v1","service":"web-service","timestamp":"2025-09-05 05:04:42"}
{"level":"info","message":"::1 - - [05/Sep/2025:02:10:43 +0000] \"GET /favicon.ico HTTP/1.1\" 404 84 \"http://localhost:3001/dashboard\" \"Mozilla/5.0 (Macintosh; Intel Mac OS X 10_15_7) AppleWebKit/537.36 (KHTML, like Gecko) Chrome/139.0.0.0 Safari/537.36\"","service":"web-service","timestamp":"2025-09-05 05:10:43"}
{"level":"info","message":"::1 - - [05/Sep/2025:02:11:07 +0000] \"GET /favicon.ico HTTP/1.1\" 404 84 \"http://localhost:3001/dashboard\" \"Mozilla/5.0 (Macintosh; Intel Mac OS X 10_15_7) AppleWebKit/537.36 (KHTML, like Gecko) Chrome/139.0.0.0 Safari/537.36\"","service":"web-service","timestamp":"2025-09-05 05:11:07"}
{"level":"info","message":"::1 - - [05/Sep/2025:02:11:18 +0000] \"POST /api/v1/auth/refresh HTTP/1.1\" 200 577 \"http://localhost:3001/\" \"Mozilla/5.0 (Macintosh; Intel Mac OS X 10_15_7) AppleWebKit/537.36 (KHTML, like Gecko) Chrome/139.0.0.0 Safari/537.36\"","service":"web-service","timestamp":"2025-09-05 05:11:18"}
{"level":"info","message":"::1 - - [05/Sep/2025:02:11:18 +0000] \"POST /api/v1/auth/refresh HTTP/1.1\" 200 577 \"http://localhost:3001/\" \"Mozilla/5.0 (Macintosh; Intel Mac OS X 10_15_7) AppleWebKit/537.36 (KHTML, like Gecko) Chrome/139.0.0.0 Safari/537.36\"","service":"web-service","timestamp":"2025-09-05 05:11:18"}
{"level":"info","message":"::1 - - [05/Sep/2025:02:11:18 +0000] \"POST /api/v1/auth/refresh HTTP/1.1\" 200 577 \"http://localhost:3001/\" \"Mozilla/5.0 (Macintosh; Intel Mac OS X 10_15_7) AppleWebKit/537.36 (KHTML, like Gecko) Chrome/139.0.0.0 Safari/537.36\"","service":"web-service","timestamp":"2025-09-05 05:11:18"}
{"level":"info","message":"::1 - - [05/Sep/2025:02:11:18 +0000] \"POST /api/v1/auth/refresh HTTP/1.1\" 200 577 \"http://localhost:3001/\" \"Mozilla/5.0 (Macintosh; Intel Mac OS X 10_15_7) AppleWebKit/537.36 (KHTML, like Gecko) Chrome/139.0.0.0 Safari/537.36\"","service":"web-service","timestamp":"2025-09-05 05:11:18"}
{"level":"info","message":"Database connection established successfully","service":"web-service","timestamp":"2025-09-05 09:42:26"}
{"level":"info","message":"Database synchronized","service":"web-service","timestamp":"2025-09-05 09:42:26"}
{"level":"info","message":"Server running on port 3000","service":"web-service","timestamp":"2025-09-05 09:42:26"}
{"level":"info","message":"API available at http://localhost:3000/api/v1","service":"web-service","timestamp":"2025-09-05 09:42:26"}
{"level":"info","message":"Database connection established successfully","service":"web-service","timestamp":"2025-09-05 09:42:35"}
{"level":"info","message":"Database synchronized","service":"web-service","timestamp":"2025-09-05 09:42:36"}
{"level":"info","message":"Server running on port 3000","service":"web-service","timestamp":"2025-09-05 09:42:36"}
{"level":"info","message":"API available at http://localhost:3000/api/v1","service":"web-service","timestamp":"2025-09-05 09:42:36"}
{"level":"info","message":"Database connection established successfully","service":"web-service","timestamp":"2025-09-05 09:44:03"}
{"level":"info","message":"Database synchronized","service":"web-service","timestamp":"2025-09-05 09:44:03"}
{"level":"info","message":"Server running on port 3000","service":"web-service","timestamp":"2025-09-05 09:44:03"}
{"level":"info","message":"API available at http://localhost:3000/api/v1","service":"web-service","timestamp":"2025-09-05 09:44:03"}
{"level":"info","message":"Database connection established successfully","service":"web-service","timestamp":"2025-09-05 09:44:17"}
{"level":"info","message":"Database synchronized","service":"web-service","timestamp":"2025-09-05 09:44:18"}
{"level":"info","message":"Server running on port 3000","service":"web-service","timestamp":"2025-09-05 09:44:18"}
{"level":"info","message":"API available at http://localhost:3000/api/v1","service":"web-service","timestamp":"2025-09-05 09:44:18"}
{"level":"info","message":"Database connection established successfully","service":"web-service","timestamp":"2025-09-05 09:44:57"}
{"level":"info","message":"Database synchronized","service":"web-service","timestamp":"2025-09-05 09:44:58"}
{"level":"info","message":"Server running on port 3000","service":"web-service","timestamp":"2025-09-05 09:44:58"}
{"level":"info","message":"API available at http://localhost:3000/api/v1","service":"web-service","timestamp":"2025-09-05 09:44:58"}
{"level":"info","message":"Database connection established successfully","service":"web-service","timestamp":"2025-09-05 09:58:29"}
{"level":"info","message":"Database synchronized","service":"web-service","timestamp":"2025-09-05 09:58:29"}
{"level":"info","message":"Server running on port 3000","service":"web-service","timestamp":"2025-09-05 09:58:29"}
{"level":"info","message":"API available at http://localhost:3000/api/v1","service":"web-service","timestamp":"2025-09-05 09:58:29"}
{"level":"info","message":"Database connection established successfully","service":"web-service","timestamp":"2025-09-05 10:01:21"}
{"level":"info","message":"Database synchronized","service":"web-service","timestamp":"2025-09-05 10:01:22"}
{"level":"info","message":"Server running on port 3000","service":"web-service","timestamp":"2025-09-05 10:01:22"}
{"level":"info","message":"API available at http://localhost:3000/api/v1","service":"web-service","timestamp":"2025-09-05 10:01:22"}
{"level":"info","message":"Database connection established successfully","service":"web-service","timestamp":"2025-09-05 10:04:50"}
{"level":"info","message":"Database synchronized","service":"web-service","timestamp":"2025-09-05 10:04:50"}
{"level":"info","message":"Server running on port 3000","service":"web-service","timestamp":"2025-09-05 10:04:50"}
{"level":"info","message":"API available at http://localhost:3000/api/v1","service":"web-service","timestamp":"2025-09-05 10:04:50"}
{"level":"info","message":"Database connection established successfully","service":"web-service","timestamp":"2025-09-05 10:23:44"}
{"level":"info","message":"Database synchronized","service":"web-service","timestamp":"2025-09-05 10:23:44"}
{"level":"info","message":"Server running on port 3000","service":"web-service","timestamp":"2025-09-05 10:23:44"}
{"level":"info","message":"API available at http://localhost:3000/api/v1","service":"web-service","timestamp":"2025-09-05 10:23:44"}
{"level":"info","message":"::1 - - [05/Sep/2025:07:24:28 +0000] \"GET /favicon.ico HTTP/1.1\" 404 84 \"http://localhost:3001/\" \"Mozilla/5.0 (Macintosh; Intel Mac OS X 10_15_7) AppleWebKit/537.36 (KHTML, like Gecko) Chrome/139.0.0.0 Safari/537.36\"","service":"web-service","timestamp":"2025-09-05 10:24:28"}
{"level":"info","message":"::1 - - [05/Sep/2025:07:24:33 +0000] \"GET /main.63fe9d4686c1ca2588bf.hot-update.json HTTP/1.1\" 404 84 \"http://localhost:3001/\" \"Mozilla/5.0 (Macintosh; Intel Mac OS X 10_15_7) AppleWebKit/537.36 (KHTML, like Gecko) Chrome/139.0.0.0 Safari/537.36\"","service":"web-service","timestamp":"2025-09-05 10:24:33"}
{"level":"info","message":"Database connection established successfully","service":"web-service","timestamp":"2025-09-05 10:24:55"}
{"level":"info","message":"Database synchronized","service":"web-service","timestamp":"2025-09-05 10:24:56"}
{"level":"info","message":"Server running on port 3000","service":"web-service","timestamp":"2025-09-05 10:24:56"}
{"level":"info","message":"API available at http://localhost:3000/api/v1","service":"web-service","timestamp":"2025-09-05 10:24:56"}
{"level":"info","message":"::1 - - [05/Sep/2025:07:25:26 +0000] \"POST /api/v1/auth/refresh HTTP/1.1\" 200 577 \"http://localhost:3001/\" \"Mozilla/5.0 (Macintosh; Intel Mac OS X 10_15_7) AppleWebKit/537.36 (KHTML, like Gecko) Chrome/139.0.0.0 Safari/537.36\"","service":"web-service","timestamp":"2025-09-05 10:25:26"}
{"level":"info","message":"::1 - - [05/Sep/2025:07:25:26 +0000] \"POST /api/v1/auth/refresh HTTP/1.1\" 200 577 \"http://localhost:3001/\" \"Mozilla/5.0 (Macintosh; Intel Mac OS X 10_15_7) AppleWebKit/537.36 (KHTML, like Gecko) Chrome/139.0.0.0 Safari/537.36\"","service":"web-service","timestamp":"2025-09-05 10:25:26"}
{"level":"info","message":"::1 - - [05/Sep/2025:07:25:26 +0000] \"POST /api/v1/auth/refresh HTTP/1.1\" 200 577 \"http://localhost:3001/\" \"Mozilla/5.0 (Macintosh; Intel Mac OS X 10_15_7) AppleWebKit/537.36 (KHTML, like Gecko) Chrome/139.0.0.0 Safari/537.36\"","service":"web-service","timestamp":"2025-09-05 10:25:26"}
{"level":"info","message":"::1 - - [05/Sep/2025:07:25:26 +0000] \"POST /api/v1/auth/refresh HTTP/1.1\" 200 577 \"http://localhost:3001/\" \"Mozilla/5.0 (Macintosh; Intel Mac OS X 10_15_7) AppleWebKit/537.36 (KHTML, like Gecko) Chrome/139.0.0.0 Safari/537.36\"","service":"web-service","timestamp":"2025-09-05 10:25:26"}
{"level":"info","message":"User logged out","service":"web-service","timestamp":"2025-09-05 10:25:54"}
{"level":"info","message":"::1 - - [05/Sep/2025:07:25:54 +0000] \"POST /api/v1/auth/logout HTTP/1.1\" 200 97 \"http://localhost:3001/\" \"Mozilla/5.0 (Macintosh; Intel Mac OS X 10_15_7) AppleWebKit/537.36 (KHTML, like Gecko) Chrome/139.0.0.0 Safari/537.36\"","service":"web-service","timestamp":"2025-09-05 10:25:54"}
{"level":"info","message":"::1 - - [05/Sep/2025:07:26:44 +0000] \"POST /api/v1/auth/login HTTP/1.1\" 429 32 \"http://localhost:3001/\" \"Mozilla/5.0 (Macintosh; Intel Mac OS X 10_15_7) AppleWebKit/537.36 (KHTML, like Gecko) Chrome/139.0.0.0 Safari/537.36\"","service":"web-service","timestamp":"2025-09-05 10:26:44"}
{"level":"info","message":"::1 - - [05/Sep/2025:07:27:09 +0000] \"POST /api/v1/auth/login HTTP/1.1\" 429 32 \"http://localhost:3001/\" \"Mozilla/5.0 (Macintosh; Intel Mac OS X 10_15_7) AppleWebKit/537.36 (KHTML, like Gecko) Chrome/139.0.0.0 Safari/537.36\"","service":"web-service","timestamp":"2025-09-05 10:27:09"}
{"level":"info","message":"::1 - - [05/Sep/2025:07:28:18 +0000] \"POST /api/v1/auth/login HTTP/1.1\" 429 32 \"http://localhost:3001/\" \"Mozilla/5.0 (Macintosh; Intel Mac OS X 10_15_7) AppleWebKit/537.36 (KHTML, like Gecko) Chrome/139.0.0.0 Safari/537.36\"","service":"web-service","timestamp":"2025-09-05 10:28:18"}
{"level":"info","message":"::1 - - [05/Sep/2025:07:28:34 +0000] \"POST /api/v1/auth/login HTTP/1.1\" 429 32 \"http://localhost:3001/\" \"Mozilla/5.0 (Macintosh; Intel Mac OS X 10_15_7) AppleWebKit/537.36 (KHTML, like Gecko) Chrome/139.0.0.0 Safari/537.36\"","service":"web-service","timestamp":"2025-09-05 10:28:34"}
{"level":"info","message":"::1 - - [05/Sep/2025:07:34:46 +0000] \"POST /api/v1/auth/login HTTP/1.1\" 429 32 \"http://localhost:3001/\" \"Mozilla/5.0 (Macintosh; Intel Mac OS X 10_15_7) AppleWebKit/537.36 (KHTML, like Gecko) Chrome/139.0.0.0 Safari/537.36\"","service":"web-service","timestamp":"2025-09-05 10:34:46"}
{"level":"info","message":"Database connection established successfully","service":"web-service","timestamp":"2025-09-05 10:36:06"}
{"level":"info","message":"Database synchronized","service":"web-service","timestamp":"2025-09-05 10:36:06"}
{"level":"info","message":"Server running on port 3000","service":"web-service","timestamp":"2025-09-05 10:36:06"}
{"level":"info","message":"API available at http://localhost:3000/api/v1","service":"web-service","timestamp":"2025-09-05 10:36:06"}
{"level":"info","message":"Database connection established successfully","service":"web-service","timestamp":"2025-09-05 10:36:18"}
{"level":"info","message":"Database synchronized","service":"web-service","timestamp":"2025-09-05 10:36:18"}
{"level":"info","message":"Server running on port 3000","service":"web-service","timestamp":"2025-09-05 10:36:18"}
{"level":"info","message":"API available at http://localhost:3000/api/v1","service":"web-service","timestamp":"2025-09-05 10:36:18"}
{"level":"info","message":"::1 - - [05/Sep/2025:07:36:47 +0000] \"GET /favicon.ico HTTP/1.1\" 404 84 \"http://localhost:3001/dashboard\" \"Mozilla/5.0 (Macintosh; Intel Mac OS X 10_15_7) AppleWebKit/537.36 (KHTML, like Gecko) Chrome/139.0.0.0 Safari/537.36\"","service":"web-service","timestamp":"2025-09-05 10:36:47"}
{"level":"info","message":"User logged in: billgates@gmail.com","service":"web-service","timestamp":"2025-09-05 10:38:43"}
{"level":"info","message":"::1 - - [05/Sep/2025:07:38:43 +0000] \"POST /api/v1/auth/login HTTP/1.1\" 200 928 \"http://localhost:3001/\" \"Mozilla/5.0 (Macintosh; Intel Mac OS X 10_15_7) AppleWebKit/537.36 (KHTML, like Gecko) Chrome/139.0.0.0 Safari/537.36\"","service":"web-service","timestamp":"2025-09-05 10:38:43"}
{"level":"info","message":"User logged out","service":"web-service","timestamp":"2025-09-05 11:10:02"}
{"level":"info","message":"::1 - - [05/Sep/2025:08:10:02 +0000] \"POST /api/v1/auth/logout HTTP/1.1\" 200 97 \"http://localhost:3001/\" \"Mozilla/5.0 (Macintosh; Intel Mac OS X 10_15_7) AppleWebKit/537.36 (KHTML, like Gecko) Chrome/139.0.0.0 Safari/537.36\"","service":"web-service","timestamp":"2025-09-05 11:10:02"}
{"level":"info","message":"User logged in: billgates@gmail.com","service":"web-service","timestamp":"2025-09-05 11:10:05"}
{"level":"info","message":"::1 - - [05/Sep/2025:08:10:05 +0000] \"POST /api/v1/auth/login HTTP/1.1\" 200 928 \"http://localhost:3001/\" \"Mozilla/5.0 (Macintosh; Intel Mac OS X 10_15_7) AppleWebKit/537.36 (KHTML, like Gecko) Chrome/139.0.0.0 Safari/537.36\"","service":"web-service","timestamp":"2025-09-05 11:10:05"}
{"level":"info","message":"Database connection established successfully","service":"web-service","timestamp":"2025-09-05 11:23:02"}
{"level":"info","message":"Database synchronized","service":"web-service","timestamp":"2025-09-05 11:23:02"}
{"level":"info","message":"Server running on port 3000","service":"web-service","timestamp":"2025-09-05 11:23:02"}
{"level":"info","message":"API available at http://localhost:3000/api/v1","service":"web-service","timestamp":"2025-09-05 11:23:02"}
{"level":"info","message":"Database connection established successfully","service":"web-service","timestamp":"2025-09-05 11:25:31"}
{"level":"info","message":"Database synchronized","service":"web-service","timestamp":"2025-09-05 11:25:32"}
{"level":"info","message":"Server running on port 3000","service":"web-service","timestamp":"2025-09-05 11:25:32"}
{"level":"info","message":"API available at http://localhost:3000/api/v1","service":"web-service","timestamp":"2025-09-05 11:25:32"}
{"level":"info","message":"::1 - - [05/Sep/2025:08:25:45 +0000] \"GET /favicon.ico HTTP/1.1\" 404 84 \"http://localhost:3001/dashboard\" \"Mozilla/5.0 (Macintosh; Intel Mac OS X 10_15_7) AppleWebKit/537.36 (KHTML, like Gecko) Chrome/139.0.0.0 Safari/537.36\"","service":"web-service","timestamp":"2025-09-05 11:25:45"}
{"level":"info","message":"::1 - - [05/Sep/2025:08:26:01 +0000] \"POST /api/v1/auth/refresh HTTP/1.1\" 200 577 \"http://localhost:3001/\" \"Mozilla/5.0 (Macintosh; Intel Mac OS X 10_15_7) AppleWebKit/537.36 (KHTML, like Gecko) Chrome/139.0.0.0 Safari/537.36\"","service":"web-service","timestamp":"2025-09-05 11:26:01"}
{"level":"info","message":"::1 - - [05/Sep/2025:08:26:01 +0000] \"POST /api/v1/auth/refresh HTTP/1.1\" 200 577 \"http://localhost:3001/\" \"Mozilla/5.0 (Macintosh; Intel Mac OS X 10_15_7) AppleWebKit/537.36 (KHTML, like Gecko) Chrome/139.0.0.0 Safari/537.36\"","service":"web-service","timestamp":"2025-09-05 11:26:01"}
{"level":"info","message":"::1 - - [05/Sep/2025:08:26:01 +0000] \"POST /api/v1/auth/refresh HTTP/1.1\" 200 577 \"http://localhost:3001/\" \"Mozilla/5.0 (Macintosh; Intel Mac OS X 10_15_7) AppleWebKit/537.36 (KHTML, like Gecko) Chrome/139.0.0.0 Safari/537.36\"","service":"web-service","timestamp":"2025-09-05 11:26:01"}
{"level":"info","message":"::1 - - [05/Sep/2025:08:26:01 +0000] \"POST /api/v1/auth/refresh HTTP/1.1\" 200 577 \"http://localhost:3001/\" \"Mozilla/5.0 (Macintosh; Intel Mac OS X 10_15_7) AppleWebKit/537.36 (KHTML, like Gecko) Chrome/139.0.0.0 Safari/537.36\"","service":"web-service","timestamp":"2025-09-05 11:26:01"}
{"level":"error","message":"Token refresh error: Refresh token not found or revoked","service":"web-service","stack":"Error: Refresh token not found or revoked\n    at JwtService.validateRefreshToken (/Users/vk/i-data/src/backend/apps/web-service/src/services/jwt.service.js:57:13)\n    at process.processTicksAndRejections (node:internal/process/task_queues:105:5)\n    at async AuthService.refreshTokens (/Users/vk/i-data/src/backend/apps/web-service/src/services/auth.service.js:64:25)\n    at async refreshToken (/Users/vk/i-data/src/backend/apps/web-service/src/controllers/auth.controller.js:41:22)","timestamp":"2025-09-05 11:34:51"}
{"level":"info","message":"::1 - - [05/Sep/2025:08:34:51 +0000] \"POST /api/v1/auth/refresh HTTP/1.1\" 401 89 \"http://localhost:3001/\" \"Mozilla/5.0 (Macintosh; Intel Mac OS X 10_15_7) AppleWebKit/537.36 (KHTML, like Gecko) Chrome/139.0.0.0 Safari/537.36\"","service":"web-service","timestamp":"2025-09-05 11:34:51"}
{"level":"error","message":"Token refresh error: Refresh token not found or revoked","service":"web-service","stack":"Error: Refresh token not found or revoked\n    at JwtService.validateRefreshToken (/Users/vk/i-data/src/backend/apps/web-service/src/services/jwt.service.js:57:13)\n    at process.processTicksAndRejections (node:internal/process/task_queues:105:5)\n    at async AuthService.refreshTokens (/Users/vk/i-data/src/backend/apps/web-service/src/services/auth.service.js:64:25)\n    at async refreshToken (/Users/vk/i-data/src/backend/apps/web-service/src/controllers/auth.controller.js:41:22)","timestamp":"2025-09-05 11:34:51"}
{"level":"info","message":"::1 - - [05/Sep/2025:08:34:51 +0000] \"POST /api/v1/auth/refresh HTTP/1.1\" 401 89 \"http://localhost:3001/\" \"Mozilla/5.0 (Macintosh; Intel Mac OS X 10_15_7) AppleWebKit/537.36 (KHTML, like Gecko) Chrome/139.0.0.0 Safari/537.36\"","service":"web-service","timestamp":"2025-09-05 11:34:51"}
{"level":"error","message":"Token refresh error: Refresh token not found or revoked","service":"web-service","stack":"Error: Refresh token not found or revoked\n    at JwtService.validateRefreshToken (/Users/vk/i-data/src/backend/apps/web-service/src/services/jwt.service.js:57:13)\n    at process.processTicksAndRejections (node:internal/process/task_queues:105:5)\n    at async AuthService.refreshTokens (/Users/vk/i-data/src/backend/apps/web-service/src/services/auth.service.js:64:25)\n    at async refreshToken (/Users/vk/i-data/src/backend/apps/web-service/src/controllers/auth.controller.js:41:22)","timestamp":"2025-09-05 11:34:51"}
{"level":"info","message":"::1 - - [05/Sep/2025:08:34:51 +0000] \"POST /api/v1/auth/refresh HTTP/1.1\" 401 89 \"http://localhost:3001/\" \"Mozilla/5.0 (Macintosh; Intel Mac OS X 10_15_7) AppleWebKit/537.36 (KHTML, like Gecko) Chrome/139.0.0.0 Safari/537.36\"","service":"web-service","timestamp":"2025-09-05 11:34:51"}
{"level":"error","message":"Token refresh error: Refresh token not found or revoked","service":"web-service","stack":"Error: Refresh token not found or revoked\n    at JwtService.validateRefreshToken (/Users/vk/i-data/src/backend/apps/web-service/src/services/jwt.service.js:57:13)\n    at process.processTicksAndRejections (node:internal/process/task_queues:105:5)\n    at async AuthService.refreshTokens (/Users/vk/i-data/src/backend/apps/web-service/src/services/auth.service.js:64:25)\n    at async refreshToken (/Users/vk/i-data/src/backend/apps/web-service/src/controllers/auth.controller.js:41:22)","timestamp":"2025-09-05 11:34:51"}
{"level":"info","message":"::1 - - [05/Sep/2025:08:34:51 +0000] \"POST /api/v1/auth/refresh HTTP/1.1\" 401 89 \"http://localhost:3001/\" \"Mozilla/5.0 (Macintosh; Intel Mac OS X 10_15_7) AppleWebKit/537.36 (KHTML, like Gecko) Chrome/139.0.0.0 Safari/537.36\"","service":"web-service","timestamp":"2025-09-05 11:34:51"}
{"level":"error","message":"Login error: Invalid credentials","service":"web-service","stack":"Error: Invalid credentials\n    at AuthService.login (/Users/vk/i-data/src/backend/apps/web-service/src/services/auth.service.js:43:13)\n    at async login (/Users/vk/i-data/src/backend/apps/web-service/src/controllers/auth.controller.js:25:22)","timestamp":"2025-09-05 11:35:17"}
{"level":"info","message":"::1 - - [05/Sep/2025:08:35:17 +0000] \"POST /api/v1/auth/login HTTP/1.1\" 401 88 \"http://localhost:3001/\" \"Mozilla/5.0 (Macintosh; Intel Mac OS X 10_15_7) AppleWebKit/537.36 (KHTML, like Gecko) Chrome/139.0.0.0 Safari/537.36\"","service":"web-service","timestamp":"2025-09-05 11:35:17"}
{"level":"info","message":"::1 - - [05/Sep/2025:08:35:17 +0000] \"POST /api/v1/auth/refresh HTTP/1.1\" 400 168 \"http://localhost:3001/\" \"Mozilla/5.0 (Macintosh; Intel Mac OS X 10_15_7) AppleWebKit/537.36 (KHTML, like Gecko) Chrome/139.0.0.0 Safari/537.36\"","service":"web-service","timestamp":"2025-09-05 11:35:17"}
{"level":"error","message":"Login error: Invalid credentials","service":"web-service","stack":"Error: Invalid credentials\n    at AuthService.login (/Users/vk/i-data/src/backend/apps/web-service/src/services/auth.service.js:43:13)\n    at async login (/Users/vk/i-data/src/backend/apps/web-service/src/controllers/auth.controller.js:25:22)","timestamp":"2025-09-05 11:35:37"}
{"level":"info","message":"::1 - - [05/Sep/2025:08:35:37 +0000] \"POST /api/v1/auth/login HTTP/1.1\" 401 88 \"http://localhost:3001/\" \"Mozilla/5.0 (Macintosh; Intel Mac OS X 10_15_7) AppleWebKit/537.36 (KHTML, like Gecko) Chrome/139.0.0.0 Safari/537.36\"","service":"web-service","timestamp":"2025-09-05 11:35:37"}
{"level":"info","message":"::1 - - [05/Sep/2025:08:35:37 +0000] \"POST /api/v1/auth/refresh HTTP/1.1\" 400 168 \"http://localhost:3001/\" \"Mozilla/5.0 (Macintosh; Intel Mac OS X 10_15_7) AppleWebKit/537.36 (KHTML, like Gecko) Chrome/139.0.0.0 Safari/537.36\"","service":"web-service","timestamp":"2025-09-05 11:35:37"}
{"level":"info","message":"::1 - - [05/Sep/2025:08:36:00 +0000] \"POST /api/v1/auth/login HTTP/1.1\" 429 32 \"http://localhost:3001/\" \"Mozilla/5.0 (Macintosh; Intel Mac OS X 10_15_7) AppleWebKit/537.36 (KHTML, like Gecko) Chrome/139.0.0.0 Safari/537.36\"","service":"web-service","timestamp":"2025-09-05 11:36:00"}
{"level":"info","message":"::1 - - [05/Sep/2025:08:36:12 +0000] \"POST /api/v1/auth/login HTTP/1.1\" 429 32 \"http://localhost:3001/\" \"Mozilla/5.0 (Macintosh; Intel Mac OS X 10_15_7) AppleWebKit/537.36 (KHTML, like Gecko) Chrome/139.0.0.0 Safari/537.36\"","service":"web-service","timestamp":"2025-09-05 11:36:12"}
{"level":"info","message":"Database connection established successfully","service":"web-service","timestamp":"2025-09-05 11:50:38"}
{"level":"info","message":"Database synchronized","service":"web-service","timestamp":"2025-09-05 11:50:38"}
{"level":"info","message":"Server running on port 3000","service":"web-service","timestamp":"2025-09-05 11:50:38"}
{"level":"info","message":"API available at http://localhost:3000/api/v1","service":"web-service","timestamp":"2025-09-05 11:50:38"}
{"level":"info","message":"::1 - - [05/Sep/2025:08:51:12 +0000] \"POST /api/v1/auth/refresh HTTP/1.1\" 200 577 \"http://localhost:3001/\" \"Mozilla/5.0 (Macintosh; Intel Mac OS X 10_15_7) AppleWebKit/537.36 (KHTML, like Gecko) Chrome/139.0.0.0 Safari/537.36\"","service":"web-service","timestamp":"2025-09-05 11:51:12"}
{"level":"info","message":"::1 - - [05/Sep/2025:08:51:12 +0000] \"POST /api/v1/auth/refresh HTTP/1.1\" 200 577 \"http://localhost:3001/\" \"Mozilla/5.0 (Macintosh; Intel Mac OS X 10_15_7) AppleWebKit/537.36 (KHTML, like Gecko) Chrome/139.0.0.0 Safari/537.36\"","service":"web-service","timestamp":"2025-09-05 11:51:12"}
{"level":"info","message":"::1 - - [05/Sep/2025:08:51:12 +0000] \"POST /api/v1/auth/refresh HTTP/1.1\" 200 577 \"http://localhost:3001/\" \"Mozilla/5.0 (Macintosh; Intel Mac OS X 10_15_7) AppleWebKit/537.36 (KHTML, like Gecko) Chrome/139.0.0.0 Safari/537.36\"","service":"web-service","timestamp":"2025-09-05 11:51:12"}
{"level":"info","message":"::1 - - [05/Sep/2025:08:51:12 +0000] \"POST /api/v1/auth/refresh HTTP/1.1\" 200 577 \"http://localhost:3001/\" \"Mozilla/5.0 (Macintosh; Intel Mac OS X 10_15_7) AppleWebKit/537.36 (KHTML, like Gecko) Chrome/139.0.0.0 Safari/537.36\"","service":"web-service","timestamp":"2025-09-05 11:51:12"}
{"level":"info","message":"Database connection established successfully","service":"web-service","timestamp":"2025-09-05 12:14:03"}
{"level":"info","message":"Database synchronized","service":"web-service","timestamp":"2025-09-05 12:14:03"}
{"level":"info","message":"Server running on port 3000","service":"web-service","timestamp":"2025-09-05 12:14:03"}
{"level":"info","message":"API available at http://localhost:3000/api/v1","service":"web-service","timestamp":"2025-09-05 12:14:03"}
{"level":"info","message":"::1 - - [05/Sep/2025:09:14:03 +0000] \"POST /api/v1/auth/refresh HTTP/1.1\" 200 577 \"http://localhost:3001/\" \"Mozilla/5.0 (Macintosh; Intel Mac OS X 10_15_7) AppleWebKit/537.36 (KHTML, like Gecko) Chrome/139.0.0.0 Safari/537.36\"","service":"web-service","timestamp":"2025-09-05 12:14:03"}
{"level":"info","message":"::1 - - [05/Sep/2025:09:14:03 +0000] \"POST /api/v1/auth/refresh HTTP/1.1\" 200 577 \"http://localhost:3001/\" \"Mozilla/5.0 (Macintosh; Intel Mac OS X 10_15_7) AppleWebKit/537.36 (KHTML, like Gecko) Chrome/139.0.0.0 Safari/537.36\"","service":"web-service","timestamp":"2025-09-05 12:14:03"}
{"level":"info","message":"::1 - - [05/Sep/2025:09:14:03 +0000] \"POST /api/v1/auth/refresh HTTP/1.1\" 200 577 \"http://localhost:3001/\" \"Mozilla/5.0 (Macintosh; Intel Mac OS X 10_15_7) AppleWebKit/537.36 (KHTML, like Gecko) Chrome/139.0.0.0 Safari/537.36\"","service":"web-service","timestamp":"2025-09-05 12:14:03"}
{"level":"info","message":"::1 - - [05/Sep/2025:09:14:03 +0000] \"POST /api/v1/auth/refresh HTTP/1.1\" 200 577 \"http://localhost:3001/\" \"Mozilla/5.0 (Macintosh; Intel Mac OS X 10_15_7) AppleWebKit/537.36 (KHTML, like Gecko) Chrome/139.0.0.0 Safari/537.36\"","service":"web-service","timestamp":"2025-09-05 12:14:03"}
{"level":"info","message":"Database connection established successfully","service":"web-service","timestamp":"2025-09-05 12:17:30"}
{"level":"info","message":"Database synchronized","service":"web-service","timestamp":"2025-09-05 12:17:30"}
{"level":"info","message":"Server running on port 3000","service":"web-service","timestamp":"2025-09-05 12:17:30"}
{"level":"info","message":"API available at http://localhost:3000/api/v1","service":"web-service","timestamp":"2025-09-05 12:17:30"}
{"level":"info","message":"Database connection established successfully","service":"web-service","timestamp":"2025-09-05 12:20:00"}
{"level":"info","message":"Database synchronized","service":"web-service","timestamp":"2025-09-05 12:20:00"}
{"level":"info","message":"Server running on port 3000","service":"web-service","timestamp":"2025-09-05 12:20:00"}
{"level":"info","message":"API available at http://localhost:3000/api/v1","service":"web-service","timestamp":"2025-09-05 12:20:00"}
{"level":"info","message":"Stripe customer created: cus_SzvhKuWIqz0jfN for user: e9a1fb64-59dc-41d8-b087-4c75153956af","service":"web-service","timestamp":"2025-09-05 12:21:22"}
{"code":"resource_missing","doc_url":"https://stripe.com/docs/error-codes/resource-missing","headers":{"access-control-allow-credentials":"true","access-control-allow-methods":"GET, HEAD, PUT, PATCH, POST, DELETE","access-control-allow-origin":"*","access-control-expose-headers":"Request-Id, Stripe-Manage-Version, Stripe-Should-Retry, X-Stripe-External-Auth-Required, X-Stripe-Privileged-Session-Required","access-control-max-age":"300","cache-control":"no-cache, no-store","connection":"keep-alive","content-length":"370","content-security-policy":"base-uri 'none'; default-src 'none'; form-action 'none'; frame-ancestors 'none'; img-src 'self'; script-src 'self' 'report-sample'; style-src 'self'; worker-src 'none'; upgrade-insecure-requests; report-uri https://q.stripe.com/csp-violation?q=xFp3KCMdCiQloIQVYVi1SKsdPYg7dzMArb4lgBTBIivXK1yIFxb1Bhp1LIO0WxsMynhGyrifOgx1ZV4M","content-type":"application/json","date":"Fri, 05 Sep 2025 09:21:23 GMT","idempotency-key":"stripe-node-retry-f874c31c-27d6-4999-953c-a634f7bd98c9","original-request":"req_ExmQvdYzBigJRn","request-id":"req_ExmQvdYzBigJRn","server":"nginx","strict-transport-security":"max-age=63072000; includeSubDomains; preload","stripe-version":"2023-10-16","vary":"Origin","x-stripe-priority-routing-enabled":"true","x-stripe-routing-context-priority-tier":"api-testmode","x-wc":"ABGHIJ"},"level":"error","message":"Error creating checkout session: No such price: 'price_YOUR_PROFESSIONAL_MONTHLY_PRICE_ID'","param":"line_items[0][price]","raw":{"code":"resource_missing","doc_url":"https://stripe.com/docs/error-codes/resource-missing","headers":{"access-control-allow-credentials":"true","access-control-allow-methods":"GET, HEAD, PUT, PATCH, POST, DELETE","access-control-allow-origin":"*","access-control-expose-headers":"Request-Id, Stripe-Manage-Version, Stripe-Should-Retry, X-Stripe-External-Auth-Required, X-Stripe-Privileged-Session-Required","access-control-max-age":"300","cache-control":"no-cache, no-store","connection":"keep-alive","content-length":"370","content-security-policy":"base-uri 'none'; default-src 'none'; form-action 'none'; frame-ancestors 'none'; img-src 'self'; script-src 'self' 'report-sample'; style-src 'self'; worker-src 'none'; upgrade-insecure-requests; report-uri https://q.stripe.com/csp-violation?q=xFp3KCMdCiQloIQVYVi1SKsdPYg7dzMArb4lgBTBIivXK1yIFxb1Bhp1LIO0WxsMynhGyrifOgx1ZV4M","content-type":"application/json","date":"Fri, 05 Sep 2025 09:21:23 GMT","idempotency-key":"stripe-node-retry-f874c31c-27d6-4999-953c-a634f7bd98c9","original-request":"req_ExmQvdYzBigJRn","request-id":"req_ExmQvdYzBigJRn","server":"nginx","strict-transport-security":"max-age=63072000; includeSubDomains; preload","stripe-version":"2023-10-16","vary":"Origin","x-stripe-priority-routing-enabled":"true","x-stripe-routing-context-priority-tier":"api-testmode","x-wc":"ABGHIJ"},"message":"No such price: 'price_YOUR_PROFESSIONAL_MONTHLY_PRICE_ID'","param":"line_items[0][price]","requestId":"req_ExmQvdYzBigJRn","request_log_url":"https://dashboard.stripe.com/test/logs/req_ExmQvdYzBigJRn?t=1757064083","statusCode":400,"type":"invalid_request_error"},"rawType":"invalid_request_error","requestId":"req_ExmQvdYzBigJRn","service":"web-service","stack":"Error: No such price: 'price_YOUR_PROFESSIONAL_MONTHLY_PRICE_ID'\n    at StripeError.generate (/Users/vk/i-data/src/backend/apps/web-service/node_modules/stripe/cjs/Error.js:10:20)\n    at res.toJSON.then.Error_js_1.StripeAPIError.message (/Users/vk/i-data/src/backend/apps/web-service/node_modules/stripe/cjs/RequestSender.js:105:54)\n    at process.processTicksAndRejections (node:internal/process/task_queues:105:5)","statusCode":400,"timestamp":"2025-09-05 12:21:23","type":"StripeInvalidRequestError"}
{"code":"resource_missing","doc_url":"https://stripe.com/docs/error-codes/resource-missing","headers":{"access-control-allow-credentials":"true","access-control-allow-methods":"GET, HEAD, PUT, PATCH, POST, DELETE","access-control-allow-origin":"*","access-control-expose-headers":"Request-Id, Stripe-Manage-Version, Stripe-Should-Retry, X-Stripe-External-Auth-Required, X-Stripe-Privileged-Session-Required","access-control-max-age":"300","cache-control":"no-cache, no-store","connection":"keep-alive","content-length":"370","content-security-policy":"base-uri 'none'; default-src 'none'; form-action 'none'; frame-ancestors 'none'; img-src 'self'; script-src 'self' 'report-sample'; style-src 'self'; worker-src 'none'; upgrade-insecure-requests; report-uri https://q.stripe.com/csp-violation?q=xFp3KCMdCiQloIQVYVi1SKsdPYg7dzMArb4lgBTBIivXK1yIFxb1Bhp1LIO0WxsMynhGyrifOgx1ZV4M","content-type":"application/json","date":"Fri, 05 Sep 2025 09:21:23 GMT","idempotency-key":"stripe-node-retry-f874c31c-27d6-4999-953c-a634f7bd98c9","original-request":"req_ExmQvdYzBigJRn","request-id":"req_ExmQvdYzBigJRn","server":"nginx","strict-transport-security":"max-age=63072000; includeSubDomains; preload","stripe-version":"2023-10-16","vary":"Origin","x-stripe-priority-routing-enabled":"true","x-stripe-routing-context-priority-tier":"api-testmode","x-wc":"ABGHIJ"},"level":"error","message":"Create checkout session error: No such price: 'price_YOUR_PROFESSIONAL_MONTHLY_PRICE_ID'","param":"line_items[0][price]","raw":{"code":"resource_missing","doc_url":"https://stripe.com/docs/error-codes/resource-missing","headers":{"access-control-allow-credentials":"true","access-control-allow-methods":"GET, HEAD, PUT, PATCH, POST, DELETE","access-control-allow-origin":"*","access-control-expose-headers":"Request-Id, Stripe-Manage-Version, Stripe-Should-Retry, X-Stripe-External-Auth-Required, X-Stripe-Privileged-Session-Required","access-control-max-age":"300","cache-control":"no-cache, no-store","connection":"keep-alive","content-length":"370","content-security-policy":"base-uri 'none'; default-src 'none'; form-action 'none'; frame-ancestors 'none'; img-src 'self'; script-src 'self' 'report-sample'; style-src 'self'; worker-src 'none'; upgrade-insecure-requests; report-uri https://q.stripe.com/csp-violation?q=xFp3KCMdCiQloIQVYVi1SKsdPYg7dzMArb4lgBTBIivXK1yIFxb1Bhp1LIO0WxsMynhGyrifOgx1ZV4M","content-type":"application/json","date":"Fri, 05 Sep 2025 09:21:23 GMT","idempotency-key":"stripe-node-retry-f874c31c-27d6-4999-953c-a634f7bd98c9","original-request":"req_ExmQvdYzBigJRn","request-id":"req_ExmQvdYzBigJRn","server":"nginx","strict-transport-security":"max-age=63072000; includeSubDomains; preload","stripe-version":"2023-10-16","vary":"Origin","x-stripe-priority-routing-enabled":"true","x-stripe-routing-context-priority-tier":"api-testmode","x-wc":"ABGHIJ"},"message":"No such price: 'price_YOUR_PROFESSIONAL_MONTHLY_PRICE_ID'","param":"line_items[0][price]","requestId":"req_ExmQvdYzBigJRn","request_log_url":"https://dashboard.stripe.com/test/logs/req_ExmQvdYzBigJRn?t=1757064083","statusCode":400,"type":"invalid_request_error"},"rawType":"invalid_request_error","requestId":"req_ExmQvdYzBigJRn","service":"web-service","stack":"Error: No such price: 'price_YOUR_PROFESSIONAL_MONTHLY_PRICE_ID'\n    at StripeError.generate (/Users/vk/i-data/src/backend/apps/web-service/node_modules/stripe/cjs/Error.js:10:20)\n    at res.toJSON.then.Error_js_1.StripeAPIError.message (/Users/vk/i-data/src/backend/apps/web-service/node_modules/stripe/cjs/RequestSender.js:105:54)\n    at process.processTicksAndRejections (node:internal/process/task_queues:105:5)","statusCode":400,"timestamp":"2025-09-05 12:21:23","type":"StripeInvalidRequestError"}
{"level":"info","message":"Database connection established successfully","service":"web-service","timestamp":"2025-09-05 12:39:59"}
{"level":"info","message":"Database synchronized","service":"web-service","timestamp":"2025-09-05 12:40:00"}
{"level":"info","message":"Server running on port 3000","service":"web-service","timestamp":"2025-09-05 12:40:00"}
{"level":"info","message":"API available at http://localhost:3000/api/v1","service":"web-service","timestamp":"2025-09-05 12:40:00"}
{"level":"info","message":"Database connection established successfully","service":"web-service","timestamp":"2025-09-05 12:40:06"}
{"level":"info","message":"Database synchronized","service":"web-service","timestamp":"2025-09-05 12:40:07"}
{"level":"info","message":"Server running on port 3000","service":"web-service","timestamp":"2025-09-05 12:40:07"}
{"level":"info","message":"API available at http://localhost:3000/api/v1","service":"web-service","timestamp":"2025-09-05 12:40:07"}
{"level":"info","message":"::1 - - [05/Sep/2025:09:40:36 +0000] \"POST /api/v1/auth/refresh HTTP/1.1\" 200 577 \"http://localhost:3001/\" \"Mozilla/5.0 (Macintosh; Intel Mac OS X 10_15_7) AppleWebKit/537.36 (KHTML, like Gecko) Chrome/139.0.0.0 Safari/537.36\"","service":"web-service","timestamp":"2025-09-05 12:40:36"}
{"level":"info","message":"::1 - - [05/Sep/2025:09:40:36 +0000] \"POST /api/v1/auth/refresh HTTP/1.1\" 200 577 \"http://localhost:3001/\" \"Mozilla/5.0 (Macintosh; Intel Mac OS X 10_15_7) AppleWebKit/537.36 (KHTML, like Gecko) Chrome/139.0.0.0 Safari/537.36\"","service":"web-service","timestamp":"2025-09-05 12:40:36"}
{"level":"info","message":"::1 - - [05/Sep/2025:09:40:36 +0000] \"POST /api/v1/auth/refresh HTTP/1.1\" 200 577 \"http://localhost:3001/\" \"Mozilla/5.0 (Macintosh; Intel Mac OS X 10_15_7) AppleWebKit/537.36 (KHTML, like Gecko) Chrome/139.0.0.0 Safari/537.36\"","service":"web-service","timestamp":"2025-09-05 12:40:36"}
{"level":"info","message":"::1 - - [05/Sep/2025:09:40:36 +0000] \"POST /api/v1/auth/refresh HTTP/1.1\" 200 577 \"http://localhost:3001/\" \"Mozilla/5.0 (Macintosh; Intel Mac OS X 10_15_7) AppleWebKit/537.36 (KHTML, like Gecko) Chrome/139.0.0.0 Safari/537.36\"","service":"web-service","timestamp":"2025-09-05 12:40:36"}
{"level":"info","message":"Database connection established successfully","service":"web-service","timestamp":"2025-09-05 12:56:31"}
{"level":"info","message":"Database synchronized","service":"web-service","timestamp":"2025-09-05 12:56:32"}
{"level":"info","message":"Server running on port 3000","service":"web-service","timestamp":"2025-09-05 12:56:32"}
{"level":"info","message":"API available at http://localhost:3000/api/v1","service":"web-service","timestamp":"2025-09-05 12:56:32"}
{"level":"info","message":"Database connection established successfully","service":"web-service","timestamp":"2025-09-05 13:04:07"}
{"level":"info","message":"Database synchronized","service":"web-service","timestamp":"2025-09-05 13:04:08"}
{"level":"info","message":"Server running on port 3000","service":"web-service","timestamp":"2025-09-05 13:04:08"}
{"level":"info","message":"API available at http://localhost:3000/api/v1","service":"web-service","timestamp":"2025-09-05 13:04:08"}
{"level":"info","message":"Database connection established successfully","service":"web-service","timestamp":"2025-09-05 13:12:31"}
{"level":"info","message":"Database synchronized","service":"web-service","timestamp":"2025-09-05 13:12:31"}
{"level":"info","message":"Server running on port 3000","service":"web-service","timestamp":"2025-09-05 13:12:31"}
{"level":"info","message":"API available at http://localhost:3000/api/v1","service":"web-service","timestamp":"2025-09-05 13:12:31"}
